[Ciclo 1]
ESPERA    - PAC023 (prioridade 5)
ESPERA    - PAC013 (prioridade 5)
ESPERA    - PAC048 (prioridade 4)
ESPERA    - PAC036 (prioridade 4)
ESPERA    - PAC028 (prioridade 4)
ESPERA    - PAC044 (prioridade 5)
ESPERA    - PAC004 (prioridade 5)
ESPERA    - PAC047 (prioridade 2)
ESPERA    - PAC037 (prioridade 2)
ESPERA    - PAC042 (prioridade 1)
ESPERA    - PAC038 (prioridade 3)
ESPERA    - PAC039 (prioridade 3)
ESPERA    - PAC041 (prioridade 2)
ESPERA    - PAC016 (prioridade 2)
ESPERA    - PAC043 (prioridade 1)
ESPERA    - PAC005 (prioridade 2)
ESPERA    - PAC027 (prioridade 2)
ESPERA    - PAC032 (prioridade 2)
ESPERA    - PAC008 (prioridade 3)
ESPERA    - PAC046 (prioridade 1)


Resumo - Internados nos leitos: 0 - Lista de espera: 20 - Aguardando atendimento: 30 - Altas: 0
[Ciclo 2]
INTERNADO    - PAC023 (prioridade 5)
INTERNADO    - PAC013 (prioridade 5)
INTERNADO    - PAC048 (prioridade 4)
INTERNADO    - PAC036 (prioridade 4)
INTERNADO    - PAC028 (prioridade 4)
INTERNADO    - PAC044 (prioridade 5)
INTERNADO    - PAC004 (prioridade 5)
INTERNADO    - PAC047 (prioridade 2)
INTERNADO    - PAC037 (prioridade 2)
INTERNADO    - PAC042 (prioridade 1)
ESPERA    - PAC045 (prioridade 4)
ESPERA    - PAC033 (prioridade 5)
ESPERA    - PAC011 (prioridade 5)
ESPERA    - PAC010 (prioridade 5)
ESPERA    - PAC014 (prioridade 4)
ESPERA    - PAC012 (prioridade 5)
ESPERA    - PAC050 (prioridade 5)
ESPERA    - PAC034 (prioridade 4)
ESPERA    - PAC038 (prioridade 3)
ESPERA    - PAC039 (prioridade 3)
ESPERA    - PAC041 (prioridade 2)
ESPERA    - PAC016 (prioridade 2)
ESPERA    - PAC043 (prioridade 1)
ESPERA    - PAC005 (prioridade 2)
ESPERA    - PAC027 (prioridade 2)
ESPERA    - PAC032 (prioridade 2)
ESPERA    - PAC008 (prioridade 3)
ESPERA    - PAC046 (prioridade 1)
ESPERA    - PAC025 (prioridade 3)
ESPERA    - PAC003 (prioridade 3)


Resumo - Internados nos leitos: 10 - Lista de espera: 20 - Aguardando atendimento: 20 - Altas: 0
[Ciclo 3]
INTERNADO    - PAC023 (prioridade 5)
INTERNADO    - PAC013 (prioridade 5)
INTERNADO    - PAC048 (prioridade 4)
INTERNADO    - PAC028 (prioridade 4)
INTERNADO    - PAC044 (prioridade 5)
INTERNADO    - PAC047 (prioridade 2)
INTERNADO    - PAC037 (prioridade 2)
INTERNADO    - PAC042 (prioridade 1)
INTERNADO    - PAC045 (prioridade 4)
INTERNADO    - PAC033 (prioridade 5)
ESPERA    - PAC024 (prioridade 4)
ESPERA    - PAC011 (prioridade 5)
ESPERA    - PAC010 (prioridade 5)
ESPERA    - PAC014 (prioridade 4)
ESPERA    - PAC012 (prioridade 5)
ESPERA    - PAC050 (prioridade 5)
ESPERA    - PAC034 (prioridade 4)
ESPERA    - PAC038 (prioridade 3)
ESPERA    - PAC039 (prioridade 3)
ESPERA    - PAC041 (prioridade 2)
ESPERA    - PAC016 (prioridade 2)
ESPERA    - PAC043 (prioridade 1)
ESPERA    - PAC005 (prioridade 2)
ESPERA    - PAC027 (prioridade 2)
ESPERA    - PAC032 (prioridade 2)
ESPERA    - PAC008 (prioridade 3)
ESPERA    - PAC046 (prioridade 1)
ESPERA    - PAC025 (prioridade 3)
ESPERA    - PAC003 (prioridade 3)
ESPERA    - PAC018 (prioridade 2)


Resumo - Internados nos leitos: 10 - Lista de espera: 20 - Aguardando atendimento: 18 - Altas: 2
[Ciclo 4]
1 ALTA    - PAC036 (Luna Martins)
2 ALTA    - PAC004 (Manuela Ferreira)
INTERNADO    - PAC023 (prioridade 5)
INTERNADO    - PAC013 (prioridade 5)
INTERNADO    - PAC048 (prioridade 4)
INTERNADO    - PAC044 (prioridade 5)
INTERNADO    - PAC047 (prioridade 2)
INTERNADO    - PAC037 (prioridade 2)
INTERNADO    - PAC042 (prioridade 1)
INTERNADO    - PAC045 (prioridade 4)
INTERNADO    - PAC033 (prioridade 5)
INTERNADO    - PAC024 (prioridade 4)
ESPERA    - PAC011 (prioridade 5)
ESPERA    - PAC010 (prioridade 5)
ESPERA    - PAC014 (prioridade 4)
ESPERA    - PAC012 (prioridade 5)
ESPERA    - PAC050 (prioridade 5)
ESPERA    - PAC034 (prioridade 4)
ESPERA    - PAC038 (prioridade 3)
ESPERA    - PAC039 (prioridade 3)
ESPERA    - PAC041 (prioridade 2)
ESPERA    - PAC016 (prioridade 2)
ESPERA    - PAC043 (prioridade 1)
ESPERA    - PAC005 (prioridade 2)
ESPERA    - PAC027 (prioridade 2)
ESPERA    - PAC032 (prioridade 2)
ESPERA    - PAC008 (prioridade 3)
ESPERA    - PAC046 (prioridade 1)
ESPERA    - PAC025 (prioridade 3)
ESPERA    - PAC003 (prioridade 3)
ESPERA    - PAC018 (prioridade 2)
ESPERA    - PAC035 (prioridade 1)


Resumo - Internados nos leitos: 10 - Lista de espera: 20 - Aguardando atendimento: 17 - Altas: 3
[Ciclo 5]
1 ALTA    - PAC028 (Gabriel da Cruz)
2 ALTA    - PAC036 (Luna Martins)
3 ALTA    - PAC004 (Manuela Ferreira)
INTERNADO    - PAC023 (prioridade 5)
INTERNADO    - PAC013 (prioridade 5)
INTERNADO    - PAC044 (prioridade 5)
INTERNADO    - PAC042 (prioridade 1)
INTERNADO    - PAC045 (prioridade 4)
INTERNADO    - PAC033 (prioridade 5)
INTERNADO    - PAC024 (prioridade 4)
INTERNADO    - PAC011 (prioridade 5)
INTERNADO    - PAC010 (prioridade 5)
INTERNADO    - PAC014 (prioridade 4)
ESPERA    - PAC040 (prioridade 4)
ESPERA    - PAC012 (prioridade 5)
ESPERA    - PAC050 (prioridade 5)
ESPERA    - PAC034 (prioridade 4)
ESPERA    - PAC038 (prioridade 3)
ESPERA    - PAC039 (prioridade 3)
ESPERA    - PAC041 (prioridade 2)
ESPERA    - PAC016 (prioridade 2)
ESPERA    - PAC043 (prioridade 1)
ESPERA    - PAC005 (prioridade 2)
ESPERA    - PAC027 (prioridade 2)
ESPERA    - PAC032 (prioridade 2)
ESPERA    - PAC008 (prioridade 3)
ESPERA    - PAC046 (prioridade 1)
ESPERA    - PAC025 (prioridade 3)
ESPERA    - PAC003 (prioridade 3)
ESPERA    - PAC018 (prioridade 2)
ESPERA    - PAC035 (prioridade 1)
ESPERA    - PAC017 (prioridade 1)
ESPERA    - PAC030 (prioridade 1)


Resumo - Internados nos leitos: 10 - Lista de espera: 20 - Aguardando atendimento: 14 - Altas: 6
[Ciclo 6]
1 ALTA    - PAC047 (Bryan Santos)
2 ALTA    - PAC048 (Ana Clara Castro)
3 ALTA    - PAC037 (Luiz Miguel da Conceição)
4 ALTA    - PAC028 (Gabriel da Cruz)
5 ALTA    - PAC036 (Luna Martins)
6 ALTA    - PAC004 (Manuela Ferreira)
INTERNADO    - PAC023 (prioridade 5)
INTERNADO    - PAC013 (prioridade 5)
INTERNADO    - PAC044 (prioridade 5)
INTERNADO    - PAC042 (prioridade 1)
INTERNADO    - PAC045 (prioridade 4)
INTERNADO    - PAC011 (prioridade 5)
INTERNADO    - PAC014 (prioridade 4)
INTERNADO    - PAC040 (prioridade 4)
INTERNADO    - PAC012 (prioridade 5)
INTERNADO    - PAC050 (prioridade 5)
ESPERA    - PAC031 (prioridade 5)
ESPERA    - PAC034 (prioridade 4)
ESPERA    - PAC038 (prioridade 3)
ESPERA    - PAC039 (prioridade 3)
ESPERA    - PAC041 (prioridade 2)
ESPERA    - PAC016 (prioridade 2)
ESPERA    - PAC043 (prioridade 1)
ESPERA    - PAC005 (prioridade 2)
ESPERA    - PAC027 (prioridade 2)
ESPERA    - PAC032 (prioridade 2)
ESPERA    - PAC008 (prioridade 3)
ESPERA    - PAC046 (prioridade 1)
ESPERA    - PAC025 (prioridade 3)
ESPERA    - PAC003 (prioridade 3)
ESPERA    - PAC018 (prioridade 2)
ESPERA    - PAC035 (prioridade 1)
ESPERA    - PAC017 (prioridade 1)
ESPERA    - PAC030 (prioridade 1)
ESPERA    - PAC021 (prioridade 3)
ESPERA    - PAC022 (prioridade 1)


Resumo - Internados nos leitos: 10 - Lista de espera: 20 - Aguardando atendimento: 11 - Altas: 9
[Ciclo 7]
1 ALTA    - PAC033 (Francisco da Cunha)
2 ALTA    - PAC024 (Ana Luiza Ribeiro)
3 ALTA    - PAC010 (Maria Sophia Melo)
4 ALTA    - PAC047 (Bryan Santos)
5 ALTA    - PAC048 (Ana Clara Castro)
6 ALTA    - PAC037 (Luiz Miguel da Conceição)
7 ALTA    - PAC028 (Gabriel da Cruz)
8 ALTA    - PAC036 (Luna Martins)
9 ALTA    - PAC004 (Manuela Ferreira)
INTERNADO    - PAC023 (prioridade 5)
INTERNADO    - PAC044 (prioridade 5)
INTERNADO    - PAC042 (prioridade 1)
INTERNADO    - PAC011 (prioridade 5)
INTERNADO    - PAC014 (prioridade 4)
INTERNADO    - PAC040 (prioridade 4)
INTERNADO    - PAC012 (prioridade 5)
INTERNADO    - PAC050 (prioridade 5)
INTERNADO    - PAC031 (prioridade 5)
INTERNADO    - PAC034 (prioridade 4)
ESPERA    - PAC020 (prioridade 5)
ESPERA    - PAC006 (prioridade 5)
ESPERA    - PAC038 (prioridade 3)
ESPERA    - PAC039 (prioridade 3)
ESPERA    - PAC041 (prioridade 2)
ESPERA    - PAC016 (prioridade 2)
ESPERA    - PAC043 (prioridade 1)
ESPERA    - PAC005 (prioridade 2)
ESPERA    - PAC027 (prioridade 2)
ESPERA    - PAC032 (prioridade 2)
ESPERA    - PAC008 (prioridade 3)
ESPERA    - PAC046 (prioridade 1)
ESPERA    - PAC025 (prioridade 3)
ESPERA    - PAC003 (prioridade 3)
ESPERA    - PAC018 (prioridade 2)
ESPERA    - PAC035 (prioridade 1)
ESPERA    - PAC017 (prioridade 1)
ESPERA    - PAC030 (prioridade 1)
ESPERA    - PAC021 (prioridade 3)
ESPERA    - PAC022 (prioridade 1)


Resumo - Internados nos leitos: 10 - Lista de espera: 20 - Aguardando atendimento: 9 - Altas: 11
[Ciclo 8]
1 ALTA    - PAC045 (Marina Mendes)
2 ALTA    - PAC013 (Luana da Rocha)
3 ALTA    - PAC033 (Francisco da Cunha)
4 ALTA    - PAC024 (Ana Luiza Ribeiro)
5 ALTA    - PAC010 (Maria Sophia Melo)
6 ALTA    - PAC047 (Bryan Santos)
7 ALTA    - PAC048 (Ana Clara Castro)
8 ALTA    - PAC037 (Luiz Miguel da Conceição)
9 ALTA    - PAC028 (Gabriel da Cruz)
10 ALTA    - PAC036 (Luna Martins)
11 ALTA    - PAC004 (Manuela Ferreira)
INTERNADO    - PAC042 (prioridade 1)
INTERNADO    - PAC011 (prioridade 5)
INTERNADO    - PAC040 (prioridade 4)
INTERNADO    - PAC012 (prioridade 5)
INTERNADO    - PAC050 (prioridade 5)
INTERNADO    - PAC031 (prioridade 5)
INTERNADO    - PAC034 (prioridade 4)
INTERNADO    - PAC020 (prioridade 5)
INTERNADO    - PAC006 (prioridade 5)
INTERNADO    - PAC038 (prioridade 3)
ESPERA    - PAC039 (prioridade 3)
ESPERA    - PAC041 (prioridade 2)
ESPERA    - PAC016 (prioridade 2)
ESPERA    - PAC043 (prioridade 1)
ESPERA    - PAC005 (prioridade 2)
ESPERA    - PAC027 (prioridade 2)
ESPERA    - PAC032 (prioridade 2)
ESPERA    - PAC008 (prioridade 3)
ESPERA    - PAC046 (prioridade 1)
ESPERA    - PAC025 (prioridade 3)
ESPERA    - PAC003 (prioridade 3)
ESPERA    - PAC018 (prioridade 2)
ESPERA    - PAC035 (prioridade 1)
ESPERA    - PAC017 (prioridade 1)
ESPERA    - PAC030 (prioridade 1)
ESPERA    - PAC021 (prioridade 3)
ESPERA    - PAC022 (prioridade 1)
ESPERA    - PAC007 (prioridade 3)
ESPERA    - PAC009 (prioridade 3)
ESPERA    - PAC049 (prioridade 1)


Resumo - Internados nos leitos: 10 - Lista de espera: 20 - Aguardando atendimento: 6 - Altas: 14
[Ciclo 9]
1 ALTA    - PAC014 (Fernanda Monteiro)
2 ALTA    - PAC023 (Enrico Alves)
3 ALTA    - PAC044 (Giovanna Cavalcanti)
4 ALTA    - PAC045 (Marina Mendes)
5 ALTA    - PAC013 (Luana da Rocha)
6 ALTA    - PAC033 (Francisco da Cunha)
7 ALTA    - PAC024 (Ana Luiza Ribeiro)
8 ALTA    - PAC010 (Maria Sophia Melo)
9 ALTA    - PAC047 (Bryan Santos)
10 ALTA    - PAC048 (Ana Clara Castro)
11 ALTA    - PAC037 (Luiz Miguel da Conceição)
12 ALTA    - PAC028 (Gabriel da Cruz)
13 ALTA    - PAC036 (Luna Martins)
14 ALTA    - PAC004 (Manuela Ferreira)
INTERNADO    - PAC011 (prioridade 5)
INTERNADO    - PAC040 (prioridade 4)
INTERNADO    - PAC012 (prioridade 5)
INTERNADO    - PAC050 (prioridade 5)
INTERNADO    - PAC031 (prioridade 5)
INTERNADO    - PAC006 (prioridade 5)
INTERNADO    - PAC038 (prioridade 3)
INTERNADO    - PAC039 (prioridade 3)
INTERNADO    - PAC041 (prioridade 2)
INTERNADO    - PAC016 (prioridade 2)
ESPERA    - PAC015 (prioridade 5)
ESPERA    - PAC043 (prioridade 1)
ESPERA    - PAC005 (prioridade 2)
ESPERA    - PAC027 (prioridade 2)
ESPERA    - PAC032 (prioridade 2)
ESPERA    - PAC008 (prioridade 3)
ESPERA    - PAC046 (prioridade 1)
ESPERA    - PAC025 (prioridade 3)
ESPERA    - PAC003 (prioridade 3)
ESPERA    - PAC018 (prioridade 2)
ESPERA    - PAC035 (prioridade 1)
ESPERA    - PAC017 (prioridade 1)
ESPERA    - PAC030 (prioridade 1)
ESPERA    - PAC021 (prioridade 3)
ESPERA    - PAC022 (prioridade 1)
ESPERA    - PAC007 (prioridade 3)
ESPERA    - PAC009 (prioridade 3)
ESPERA    - PAC049 (prioridade 1)
ESPERA    - PAC029 (prioridade 2)
ESPERA    - PAC001 (prioridade 1)


Resumo - Internados nos leitos: 10 - Lista de espera: 20 - Aguardando atendimento: 3 - Altas: 17
[Ciclo 10]
1 ALTA    - PAC020 (Rafaela Peixoto)
2 ALTA    - PAC034 (Luiz Felipe Novaes)
3 ALTA    - PAC042 (Gustavo Henrique Melo)
4 ALTA    - PAC014 (Fernanda Monteiro)
5 ALTA    - PAC023 (Enrico Alves)
6 ALTA    - PAC044 (Giovanna Cavalcanti)
7 ALTA    - PAC045 (Marina Mendes)
8 ALTA    - PAC013 (Luana da Rocha)
9 ALTA    - PAC033 (Francisco da Cunha)
10 ALTA    - PAC024 (Ana Luiza Ribeiro)
11 ALTA    - PAC010 (Maria Sophia Melo)
12 ALTA    - PAC047 (Bryan Santos)
13 ALTA    - PAC048 (Ana Clara Castro)
14 ALTA    - PAC037 (Luiz Miguel da Conceição)
15 ALTA    - PAC028 (Gabriel da Cruz)
16 ALTA    - PAC036 (Luna Martins)
17 ALTA    - PAC004 (Manuela Ferreira)
INTERNADO    - PAC011 (prioridade 5)
INTERNADO    - PAC040 (prioridade 4)
INTERNADO    - PAC012 (prioridade 5)
INTERNADO    - PAC050 (prioridade 5)
INTERNADO    - PAC031 (prioridade 5)
INTERNADO    - PAC006 (prioridade 5)
INTERNADO    - PAC039 (prioridade 3)
INTERNADO    - PAC015 (prioridade 5)
INTERNADO    - PAC043 (prioridade 1)
INTERNADO    - PAC005 (prioridade 2)
ESPERA    - PAC002 (prioridade 4)
ESPERA    - PAC027 (prioridade 2)
ESPERA    - PAC032 (prioridade 2)
ESPERA    - PAC008 (prioridade 3)
ESPERA    - PAC046 (prioridade 1)
ESPERA    - PAC025 (prioridade 3)
ESPERA    - PAC003 (prioridade 3)
ESPERA    - PAC018 (prioridade 2)
ESPERA    - PAC035 (prioridade 1)
ESPERA    - PAC017 (prioridade 1)
ESPERA    - PAC030 (prioridade 1)
ESPERA    - PAC021 (prioridade 3)
ESPERA    - PAC022 (prioridade 1)
ESPERA    - PAC007 (prioridade 3)
ESPERA    - PAC009 (prioridade 3)
ESPERA    - PAC049 (prioridade 1)
ESPERA    - PAC029 (prioridade 2)
ESPERA    - PAC001 (prioridade 1)
ESPERA    - PAC019 (prioridade 1)
ESPERA    - PAC026 (prioridade 3)


Resumo - Internados nos leitos: 10 - Lista de espera: 20 - Aguardando atendimento: 0 - Altas: 20
[Ciclo 11]
1 ALTA    - PAC038 (Enzo Gabriel Costela)
2 ALTA    - PAC041 (Luiz Felipe Ferreira)
3 ALTA    - PAC016 (Noah Pires)
4 ALTA    - PAC020 (Rafaela Peixoto)
5 ALTA    - PAC034 (Luiz Felipe Novaes)
6 ALTA    - PAC042 (Gustavo Henrique Melo)
7 ALTA    - PAC014 (Fernanda Monteiro)
8 ALTA    - PAC023 (Enrico Alves)
9 ALTA    - PAC044 (Giovanna Cavalcanti)
10 ALTA    - PAC045 (Marina Mendes)
11 ALTA    - PAC013 (Luana da Rocha)
12 ALTA    - PAC033 (Francisco da Cunha)
13 ALTA    - PAC024 (Ana Luiza Ribeiro)
14 ALTA    - PAC010 (Maria Sophia Melo)
15 ALTA    - PAC047 (Bryan Santos)
16 ALTA    - PAC048 (Ana Clara Castro)
17 ALTA    - PAC037 (Luiz Miguel da Conceição)
18 ALTA    - PAC028 (Gabriel da Cruz)
19 ALTA    - PAC036 (Luna Martins)
20 ALTA    - PAC004 (Manuela Ferreira)
INTERNADO    - PAC011 (prioridade 5)
INTERNADO    - PAC040 (prioridade 4)
INTERNADO    - PAC012 (prioridade 5)
INTERNADO    - PAC031 (prioridade 5)
INTERNADO    - PAC039 (prioridade 3)
INTERNADO    - PAC043 (prioridade 1)
INTERNADO    - PAC005 (prioridade 2)
INTERNADO    - PAC002 (prioridade 4)
INTERNADO    - PAC027 (prioridade 2)
INTERNADO    - PAC032 (prioridade 2)


Resumo - Internados nos leitos: 10 - Lista de espera: 17 - Aguardando atendimento: 0 - Altas: 23
[Ciclo 12]
1 ALTA    - PAC015 (Francisco Moraes)
2 ALTA    - PAC050 (João Guilherme Cardoso)
3 ALTA    - PAC006 (Calebe Jesus)
4 ALTA    - PAC038 (Enzo Gabriel Costela)
5 ALTA    - PAC041 (Luiz Felipe Ferreira)
6 ALTA    - PAC016 (Noah Pires)
7 ALTA    - PAC020 (Rafaela Peixoto)
8 ALTA    - PAC034 (Luiz Felipe Novaes)
9 ALTA    - PAC042 (Gustavo Henrique Melo)
10 ALTA    - PAC014 (Fernanda Monteiro)
11 ALTA    - PAC023 (Enrico Alves)
12 ALTA    - PAC044 (Giovanna Cavalcanti)
13 ALTA    - PAC045 (Marina Mendes)
14 ALTA    - PAC013 (Luana da Rocha)
15 ALTA    - PAC033 (Francisco da Cunha)
16 ALTA    - PAC024 (Ana Luiza Ribeiro)
17 ALTA    - PAC010 (Maria Sophia Melo)
18 ALTA    - PAC047 (Bryan Santos)
19 ALTA    - PAC048 (Ana Clara Castro)
20 ALTA    - PAC037 (Luiz Miguel da Conceição)
21 ALTA    - PAC028 (Gabriel da Cruz)
22 ALTA    - PAC036 (Luna Martins)
23 ALTA    - PAC004 (Manuela Ferreira)
INTERNADO    - PAC011 (prioridade 5)
INTERNADO    - PAC012 (prioridade 5)
INTERNADO    - PAC031 (prioridade 5)
INTERNADO    - PAC043 (prioridade 1)
INTERNADO    - PAC005 (prioridade 2)
INTERNADO    - PAC002 (prioridade 4)
INTERNADO    - PAC027 (prioridade 2)
INTERNADO    - PAC032 (prioridade 2)
INTERNADO    - PAC008 (prioridade 3)
INTERNADO    - PAC046 (prioridade 1)


Resumo - Internados nos leitos: 10 - Lista de espera: 15 - Aguardando atendimento: 0 - Altas: 25
[Ciclo 13]
1 ALTA    - PAC040 (Vitória Nogueira)
2 ALTA    - PAC039 (Luiz Miguel Santos)
3 ALTA    - PAC015 (Francisco Moraes)
4 ALTA    - PAC050 (João Guilherme Cardoso)
5 ALTA    - PAC006 (Calebe Jesus)
6 ALTA    - PAC038 (Enzo Gabriel Costela)
7 ALTA    - PAC041 (Luiz Felipe Ferreira)
8 ALTA    - PAC016 (Noah Pires)
9 ALTA    - PAC020 (Rafaela Peixoto)
10 ALTA    - PAC034 (Luiz Felipe Novaes)
11 ALTA    - PAC042 (Gustavo Henrique Melo)
12 ALTA    - PAC014 (Fernanda Monteiro)
13 ALTA    - PAC023 (Enrico Alves)
14 ALTA    - PAC044 (Giovanna Cavalcanti)
15 ALTA    - PAC045 (Marina Mendes)
16 ALTA    - PAC013 (Luana da Rocha)
17 ALTA    - PAC033 (Francisco da Cunha)
18 ALTA    - PAC024 (Ana Luiza Ribeiro)
19 ALTA    - PAC010 (Maria Sophia Melo)
20 ALTA    - PAC047 (Bryan Santos)
21 ALTA    - PAC048 (Ana Clara Castro)
22 ALTA    - PAC037 (Luiz Miguel da Conceição)
23 ALTA    - PAC028 (Gabriel da Cruz)
24 ALTA    - PAC036 (Luna Martins)
25 ALTA    - PAC004 (Manuela Ferreira)
INTERNADO    - PAC011 (prioridade 5)
INTERNADO    - PAC012 (prioridade 5)
INTERNADO    - PAC043 (prioridade 1)
INTERNADO    - PAC005 (prioridade 2)
INTERNADO    - PAC032 (prioridade 2)
INTERNADO    - PAC008 (prioridade 3)
INTERNADO    - PAC046 (prioridade 1)
INTERNADO    - PAC025 (prioridade 3)
INTERNADO    - PAC003 (prioridade 3)
INTERNADO    - PAC018 (prioridade 2)


Resumo - Internados nos leitos: 10 - Lista de espera: 12 - Aguardando atendimento: 0 - Altas: 28
[Ciclo 14]
1 ALTA    - PAC027 (Daniel da Costa)
2 ALTA    - PAC031 (Isaac da Costa)
3 ALTA    - PAC002 (Beatriz Gomes)
4 ALTA    - PAC040 (Vitória Nogueira)
5 ALTA    - PAC039 (Luiz Miguel Santos)
6 ALTA    - PAC015 (Francisco Moraes)
7 ALTA    - PAC050 (João Guilherme Cardoso)
8 ALTA    - PAC006 (Calebe Jesus)
9 ALTA    - PAC038 (Enzo Gabriel Costela)
10 ALTA    - PAC041 (Luiz Felipe Ferreira)
11 ALTA    - PAC016 (Noah Pires)
12 ALTA    - PAC020 (Rafaela Peixoto)
13 ALTA    - PAC034 (Luiz Felipe Novaes)
14 ALTA    - PAC042 (Gustavo Henrique Melo)
15 ALTA    - PAC014 (Fernanda Monteiro)
16 ALTA    - PAC023 (Enrico Alves)
17 ALTA    - PAC044 (Giovanna Cavalcanti)
18 ALTA    - PAC045 (Marina Mendes)
19 ALTA    - PAC013 (Luana da Rocha)
20 ALTA    - PAC033 (Francisco da Cunha)
21 ALTA    - PAC024 (Ana Luiza Ribeiro)
22 ALTA    - PAC010 (Maria Sophia Melo)
23 ALTA    - PAC047 (Bryan Santos)
24 ALTA    - PAC048 (Ana Clara Castro)
25 ALTA    - PAC037 (Luiz Miguel da Conceição)
26 ALTA    - PAC028 (Gabriel da Cruz)
27 ALTA    - PAC036 (Luna Martins)
28 ALTA    - PAC004 (Manuela Ferreira)
INTERNADO    - PAC011 (prioridade 5)
INTERNADO    - PAC012 (prioridade 5)
INTERNADO    - PAC043 (prioridade 1)
INTERNADO    - PAC005 (prioridade 2)
INTERNADO    - PAC008 (prioridade 3)
INTERNADO    - PAC046 (prioridade 1)
INTERNADO    - PAC025 (prioridade 3)
INTERNADO    - PAC018 (prioridade 2)
INTERNADO    - PAC035 (prioridade 1)
INTERNADO    - PAC017 (prioridade 1)


Resumo - Internados nos leitos: 10 - Lista de espera: 10 - Aguardando atendimento: 0 - Altas: 30
[Ciclo 15]
1 ALTA    - PAC003 (Nina Melo)
2 ALTA    - PAC032 (Caio Novaes)
3 ALTA    - PAC027 (Daniel da Costa)
4 ALTA    - PAC031 (Isaac da Costa)
5 ALTA    - PAC002 (Beatriz Gomes)
6 ALTA    - PAC040 (Vitória Nogueira)
7 ALTA    - PAC039 (Luiz Miguel Santos)
8 ALTA    - PAC015 (Francisco Moraes)
9 ALTA    - PAC050 (João Guilherme Cardoso)
10 ALTA    - PAC006 (Calebe Jesus)
11 ALTA    - PAC038 (Enzo Gabriel Costela)
12 ALTA    - PAC041 (Luiz Felipe Ferreira)
13 ALTA    - PAC016 (Noah Pires)
14 ALTA    - PAC020 (Rafaela Peixoto)
15 ALTA    - PAC034 (Luiz Felipe Novaes)
16 ALTA    - PAC042 (Gustavo Henrique Melo)
17 ALTA    - PAC014 (Fernanda Monteiro)
18 ALTA    - PAC023 (Enrico Alves)
19 ALTA    - PAC044 (Giovanna Cavalcanti)
20 ALTA    - PAC045 (Marina Mendes)
21 ALTA    - PAC013 (Luana da Rocha)
22 ALTA    - PAC033 (Francisco da Cunha)
23 ALTA    - PAC024 (Ana Luiza Ribeiro)
24 ALTA    - PAC010 (Maria Sophia Melo)
25 ALTA    - PAC047 (Bryan Santos)
26 ALTA    - PAC048 (Ana Clara Castro)
27 ALTA    - PAC037 (Luiz Miguel da Conceição)
28 ALTA    - PAC028 (Gabriel da Cruz)
29 ALTA    - PAC036 (Luna Martins)
30 ALTA    - PAC004 (Manuela Ferreira)
INTERNADO    - PAC011 (prioridade 5)
INTERNADO    - PAC012 (prioridade 5)
INTERNADO    - PAC043 (prioridade 1)
INTERNADO    - PAC005 (prioridade 2)
INTERNADO    - PAC008 (prioridade 3)
INTERNADO    - PAC046 (prioridade 1)
INTERNADO    - PAC025 (prioridade 3)
INTERNADO    - PAC018 (prioridade 2)
INTERNADO    - PAC017 (prioridade 1)
INTERNADO    - PAC030 (prioridade 1)


Resumo - Internados nos leitos: 10 - Lista de espera: 9 - Aguardando atendimento: 0 - Altas: 31
[Ciclo 16]
1 ALTA    - PAC035 (Isis Moreira)
2 ALTA    - PAC003 (Nina Melo)
3 ALTA    - PAC032 (Caio Novaes)
4 ALTA    - PAC027 (Daniel da Costa)
5 ALTA    - PAC031 (Isaac da Costa)
6 ALTA    - PAC002 (Beatriz Gomes)
7 ALTA    - PAC040 (Vitória Nogueira)
8 ALTA    - PAC039 (Luiz Miguel Santos)
9 ALTA    - PAC015 (Francisco Moraes)
10 ALTA    - PAC050 (João Guilherme Cardoso)
11 ALTA    - PAC006 (Calebe Jesus)
12 ALTA    - PAC038 (Enzo Gabriel Costela)
13 ALTA    - PAC041 (Luiz Felipe Ferreira)
14 ALTA    - PAC016 (Noah Pires)
15 ALTA    - PAC020 (Rafaela Peixoto)
16 ALTA    - PAC034 (Luiz Felipe Novaes)
17 ALTA    - PAC042 (Gustavo Henrique Melo)
18 ALTA    - PAC014 (Fernanda Monteiro)
19 ALTA    - PAC023 (Enrico Alves)
20 ALTA    - PAC044 (Giovanna Cavalcanti)
21 ALTA    - PAC045 (Marina Mendes)
22 ALTA    - PAC013 (Luana da Rocha)
23 ALTA    - PAC033 (Francisco da Cunha)
24 ALTA    - PAC024 (Ana Luiza Ribeiro)
25 ALTA    - PAC010 (Maria Sophia Melo)
26 ALTA    - PAC047 (Bryan Santos)
27 ALTA    - PAC048 (Ana Clara Castro)
28 ALTA    - PAC037 (Luiz Miguel da Conceição)
29 ALTA    - PAC028 (Gabriel da Cruz)
30 ALTA    - PAC036 (Luna Martins)
31 ALTA    - PAC004 (Manuela Ferreira)
INTERNADO    - PAC012 (prioridade 5)
INTERNADO    - PAC043 (prioridade 1)
INTERNADO    - PAC005 (prioridade 2)
INTERNADO    - PAC008 (prioridade 3)
INTERNADO    - PAC046 (prioridade 1)
INTERNADO    - PAC025 (prioridade 3)
INTERNADO    - PAC018 (prioridade 2)
INTERNADO    - PAC030 (prioridade 1)
INTERNADO    - PAC021 (prioridade 3)
INTERNADO    - PAC022 (prioridade 1)


Resumo - Internados nos leitos: 10 - Lista de espera: 7 - Aguardando atendimento: 0 - Altas: 33
[Ciclo 17]
1 ALTA    - PAC011 (Benício Castro)
2 ALTA    - PAC017 (Mirella Fernandes)
3 ALTA    - PAC035 (Isis Moreira)
4 ALTA    - PAC003 (Nina Melo)
5 ALTA    - PAC032 (Caio Novaes)
6 ALTA    - PAC027 (Daniel da Costa)
7 ALTA    - PAC031 (Isaac da Costa)
8 ALTA    - PAC002 (Beatriz Gomes)
9 ALTA    - PAC040 (Vitória Nogueira)
10 ALTA    - PAC039 (Luiz Miguel Santos)
11 ALTA    - PAC015 (Francisco Moraes)
12 ALTA    - PAC050 (João Guilherme Cardoso)
13 ALTA    - PAC006 (Calebe Jesus)
14 ALTA    - PAC038 (Enzo Gabriel Costela)
15 ALTA    - PAC041 (Luiz Felipe Ferreira)
16 ALTA    - PAC016 (Noah Pires)
17 ALTA    - PAC020 (Rafaela Peixoto)
18 ALTA    - PAC034 (Luiz Felipe Novaes)
19 ALTA    - PAC042 (Gustavo Henrique Melo)
20 ALTA    - PAC014 (Fernanda Monteiro)
21 ALTA    - PAC023 (Enrico Alves)
22 ALTA    - PAC044 (Giovanna Cavalcanti)
23 ALTA    - PAC045 (Marina Mendes)
24 ALTA    - PAC013 (Luana da Rocha)
25 ALTA    - PAC033 (Francisco da Cunha)
26 ALTA    - PAC024 (Ana Luiza Ribeiro)
27 ALTA    - PAC010 (Maria Sophia Melo)
28 ALTA    - PAC047 (Bryan Santos)
29 ALTA    - PAC048 (Ana Clara Castro)
30 ALTA    - PAC037 (Luiz Miguel da Conceição)
31 ALTA    - PAC028 (Gabriel da Cruz)
32 ALTA    - PAC036 (Luna Martins)
33 ALTA    - PAC004 (Manuela Ferreira)
INTERNADO    - PAC012 (prioridade 5)
INTERNADO    - PAC005 (prioridade 2)
INTERNADO    - PAC046 (prioridade 1)
INTERNADO    - PAC025 (prioridade 3)
INTERNADO    - PAC030 (prioridade 1)
INTERNADO    - PAC021 (prioridade 3)
INTERNADO    - PAC022 (prioridade 1)
INTERNADO    - PAC007 (prioridade 3)
INTERNADO    - PAC009 (prioridade 3)
INTERNADO    - PAC049 (prioridade 1)


Resumo - Internados nos leitos: 10 - Lista de espera: 4 - Aguardando atendimento: 0 - Altas: 36
[Ciclo 18]
1 ALTA    - PAC043 (Arthur Rezende)
2 ALTA    - PAC018 (Emilly Cunha)
3 ALTA    - PAC008 (Ana Clara Carvalho)
4 ALTA    - PAC011 (Benício Castro)
5 ALTA    - PAC017 (Mirella Fernandes)
6 ALTA    - PAC035 (Isis Moreira)
7 ALTA    - PAC003 (Nina Melo)
8 ALTA    - PAC032 (Caio Novaes)
9 ALTA    - PAC027 (Daniel da Costa)
10 ALTA    - PAC031 (Isaac da Costa)
11 ALTA    - PAC002 (Beatriz Gomes)
12 ALTA    - PAC040 (Vitória Nogueira)
13 ALTA    - PAC039 (Luiz Miguel Santos)
14 ALTA    - PAC015 (Francisco Moraes)
15 ALTA    - PAC050 (João Guilherme Cardoso)
16 ALTA    - PAC006 (Calebe Jesus)
17 ALTA    - PAC038 (Enzo Gabriel Costela)
18 ALTA    - PAC041 (Luiz Felipe Ferreira)
19 ALTA    - PAC016 (Noah Pires)
20 ALTA    - PAC020 (Rafaela Peixoto)
21 ALTA    - PAC034 (Luiz Felipe Novaes)
22 ALTA    - PAC042 (Gustavo Henrique Melo)
23 ALTA    - PAC014 (Fernanda Monteiro)
24 ALTA    - PAC023 (Enrico Alves)
25 ALTA    - PAC044 (Giovanna Cavalcanti)
26 ALTA    - PAC045 (Marina Mendes)
27 ALTA    - PAC013 (Luana da Rocha)
28 ALTA    - PAC033 (Francisco da Cunha)
29 ALTA    - PAC024 (Ana Luiza Ribeiro)
30 ALTA    - PAC010 (Maria Sophia Melo)
31 ALTA    - PAC047 (Bryan Santos)
32 ALTA    - PAC048 (Ana Clara Castro)
33 ALTA    - PAC037 (Luiz Miguel da Conceição)
34 ALTA    - PAC028 (Gabriel da Cruz)
35 ALTA    - PAC036 (Luna Martins)
36 ALTA    - PAC004 (Manuela Ferreira)
INTERNADO    - PAC012 (prioridade 5)
INTERNADO    - PAC005 (prioridade 2)
INTERNADO    - PAC046 (prioridade 1)
INTERNADO    - PAC025 (prioridade 3)
INTERNADO    - PAC030 (prioridade 1)
INTERNADO    - PAC021 (prioridade 3)
INTERNADO    - PAC022 (prioridade 1)
INTERNADO    - PAC049 (prioridade 1)
INTERNADO    - PAC029 (prioridade 2)
INTERNADO    - PAC001 (prioridade 1)


Resumo - Internados nos leitos: 10 - Lista de espera: 2 - Aguardando atendimento: 0 - Altas: 38
[Ciclo 19]
1 ALTA    - PAC009 (Eduarda da Rosa)
2 ALTA    - PAC007 (Ana Laura Nogueira)
3 ALTA    - PAC043 (Arthur Rezende)
4 ALTA    - PAC018 (Emilly Cunha)
5 ALTA    - PAC008 (Ana Clara Carvalho)
6 ALTA    - PAC011 (Benício Castro)
7 ALTA    - PAC017 (Mirella Fernandes)
8 ALTA    - PAC035 (Isis Moreira)
9 ALTA    - PAC003 (Nina Melo)
10 ALTA    - PAC032 (Caio Novaes)
11 ALTA    - PAC027 (Daniel da Costa)
12 ALTA    - PAC031 (Isaac da Costa)
13 ALTA    - PAC002 (Beatriz Gomes)
14 ALTA    - PAC040 (Vitória Nogueira)
15 ALTA    - PAC039 (Luiz Miguel Santos)
16 ALTA    - PAC015 (Francisco Moraes)
17 ALTA    - PAC050 (João Guilherme Cardoso)
18 ALTA    - PAC006 (Calebe Jesus)
19 ALTA    - PAC038 (Enzo Gabriel Costela)
20 ALTA    - PAC041 (Luiz Felipe Ferreira)
21 ALTA    - PAC016 (Noah Pires)
22 ALTA    - PAC020 (Rafaela Peixoto)
23 ALTA    - PAC034 (Luiz Felipe Novaes)
24 ALTA    - PAC042 (Gustavo Henrique Melo)
25 ALTA    - PAC014 (Fernanda Monteiro)
26 ALTA    - PAC023 (Enrico Alves)
27 ALTA    - PAC044 (Giovanna Cavalcanti)
28 ALTA    - PAC045 (Marina Mendes)
29 ALTA    - PAC013 (Luana da Rocha)
30 ALTA    - PAC033 (Francisco da Cunha)
31 ALTA    - PAC024 (Ana Luiza Ribeiro)
32 ALTA    - PAC010 (Maria Sophia Melo)
33 ALTA    - PAC047 (Bryan Santos)
34 ALTA    - PAC048 (Ana Clara Castro)
35 ALTA    - PAC037 (Luiz Miguel da Conceição)
36 ALTA    - PAC028 (Gabriel da Cruz)
37 ALTA    - PAC036 (Luna Martins)
38 ALTA    - PAC004 (Manuela Ferreira)
INTERNADO    - PAC012 (prioridade 5)
INTERNADO    - PAC005 (prioridade 2)
INTERNADO    - PAC025 (prioridade 3)
INTERNADO    - PAC030 (prioridade 1)
INTERNADO    - PAC021 (prioridade 3)
INTERNADO    - PAC022 (prioridade 1)
INTERNADO    - PAC049 (prioridade 1)
INTERNADO    - PAC029 (prioridade 2)
INTERNADO    - PAC001 (prioridade 1)
INTERNADO    - PAC019 (prioridade 1)


Resumo - Internados nos leitos: 10 - Lista de espera: 1 - Aguardando atendimento: 0 - Altas: 39
[Ciclo 20]
1 ALTA    - PAC046 (Isadora da Mota)
2 ALTA    - PAC009 (Eduarda da Rosa)
3 ALTA    - PAC007 (Ana Laura Nogueira)
4 ALTA    - PAC043 (Arthur Rezende)
5 ALTA    - PAC018 (Emilly Cunha)
6 ALTA    - PAC008 (Ana Clara Carvalho)
7 ALTA    - PAC011 (Benício Castro)
8 ALTA    - PAC017 (Mirella Fernandes)
9 ALTA    - PAC035 (Isis Moreira)
10 ALTA    - PAC003 (Nina Melo)
11 ALTA    - PAC032 (Caio Novaes)
12 ALTA    - PAC027 (Daniel da Costa)
13 ALTA    - PAC031 (Isaac da Costa)
14 ALTA    - PAC002 (Beatriz Gomes)
15 ALTA    - PAC040 (Vitória Nogueira)
16 ALTA    - PAC039 (Luiz Miguel Santos)
17 ALTA    - PAC015 (Francisco Moraes)
18 ALTA    - PAC050 (João Guilherme Cardoso)
19 ALTA    - PAC006 (Calebe Jesus)
20 ALTA    - PAC038 (Enzo Gabriel Costela)
21 ALTA    - PAC041 (Luiz Felipe Ferreira)
22 ALTA    - PAC016 (Noah Pires)
23 ALTA    - PAC020 (Rafaela Peixoto)
24 ALTA    - PAC034 (Luiz Felipe Novaes)
25 ALTA    - PAC042 (Gustavo Henrique Melo)
26 ALTA    - PAC014 (Fernanda Monteiro)
27 ALTA    - PAC023 (Enrico Alves)
28 ALTA    - PAC044 (Giovanna Cavalcanti)
29 ALTA    - PAC045 (Marina Mendes)
30 ALTA    - PAC013 (Luana da Rocha)
31 ALTA    - PAC033 (Francisco da Cunha)
32 ALTA    - PAC024 (Ana Luiza Ribeiro)
33 ALTA    - PAC010 (Maria Sophia Melo)
34 ALTA    - PAC047 (Bryan Santos)
35 ALTA    - PAC048 (Ana Clara Castro)
36 ALTA    - PAC037 (Luiz Miguel da Conceição)
37 ALTA    - PAC028 (Gabriel da Cruz)
38 ALTA    - PAC036 (Luna Martins)
39 ALTA    - PAC004 (Manuela Ferreira)
INTERNADO    - PAC012 (prioridade 5)
INTERNADO    - PAC025 (prioridade 3)
INTERNADO    - PAC030 (prioridade 1)
INTERNADO    - PAC022 (prioridade 1)
INTERNADO    - PAC049 (prioridade 1)
INTERNADO    - PAC029 (prioridade 2)
INTERNADO    - PAC001 (prioridade 1)
INTERNADO    - PAC026 (prioridade 3)


Resumo - Internados nos leitos: 8 - Lista de espera: 0 - Aguardando atendimento: 0 - Altas: 42
[Ciclo 21]
1 ALTA    - PAC005 (Thomas Martins)
2 ALTA    - PAC019 (Sofia Peixoto)
3 ALTA    - PAC021 (Samuel da Cruz)
4 ALTA    - PAC046 (Isadora da Mota)
5 ALTA    - PAC009 (Eduarda da Rosa)
6 ALTA    - PAC007 (Ana Laura Nogueira)
7 ALTA    - PAC043 (Arthur Rezende)
8 ALTA    - PAC018 (Emilly Cunha)
9 ALTA    - PAC008 (Ana Clara Carvalho)
10 ALTA    - PAC011 (Benício Castro)
11 ALTA    - PAC017 (Mirella Fernandes)
12 ALTA    - PAC035 (Isis Moreira)
13 ALTA    - PAC003 (Nina Melo)
14 ALTA    - PAC032 (Caio Novaes)
15 ALTA    - PAC027 (Daniel da Costa)
16 ALTA    - PAC031 (Isaac da Costa)
17 ALTA    - PAC002 (Beatriz Gomes)
18 ALTA    - PAC040 (Vitória Nogueira)
19 ALTA    - PAC039 (Luiz Miguel Santos)
20 ALTA    - PAC015 (Francisco Moraes)
21 ALTA    - PAC050 (João Guilherme Cardoso)
22 ALTA    - PAC006 (Calebe Jesus)
23 ALTA    - PAC038 (Enzo Gabriel Costela)
24 ALTA    - PAC041 (Luiz Felipe Ferreira)
25 ALTA    - PAC016 (Noah Pires)
26 ALTA    - PAC020 (Rafaela Peixoto)
27 ALTA    - PAC034 (Luiz Felipe Novaes)
28 ALTA    - PAC042 (Gustavo Henrique Melo)
29 ALTA    - PAC014 (Fernanda Monteiro)
30 ALTA    - PAC023 (Enrico Alves)
31 ALTA    - PAC044 (Giovanna Cavalcanti)
32 ALTA    - PAC045 (Marina Mendes)
33 ALTA    - PAC013 (Luana da Rocha)
34 ALTA    - PAC033 (Francisco da Cunha)
35 ALTA    - PAC024 (Ana Luiza Ribeiro)
36 ALTA    - PAC010 (Maria Sophia Melo)
37 ALTA    - PAC047 (Bryan Santos)
38 ALTA    - PAC048 (Ana Clara Castro)
39 ALTA    - PAC037 (Luiz Miguel da Conceição)
40 ALTA    - PAC028 (Gabriel da Cruz)
41 ALTA    - PAC036 (Luna Martins)
42 ALTA    - PAC004 (Manuela Ferreira)
INTERNADO    - PAC012 (prioridade 5)
INTERNADO    - PAC025 (prioridade 3)
INTERNADO    - PAC030 (prioridade 1)
INTERNADO    - PAC049 (prioridade 1)
INTERNADO    - PAC029 (prioridade 2)


Resumo - Internados nos leitos: 5 - Lista de espera: 0 - Aguardando atendimento: 0 - Altas: 45
[Ciclo 22]
1 ALTA    - PAC026 (Maria Sales)
2 ALTA    - PAC022 (Lucas Gabriel Barros)
3 ALTA    - PAC001 (Sophie Peixoto)
4 ALTA    - PAC005 (Thomas Martins)
5 ALTA    - PAC019 (Sofia Peixoto)
6 ALTA    - PAC021 (Samuel da Cruz)
7 ALTA    - PAC046 (Isadora da Mota)
8 ALTA    - PAC009 (Eduarda da Rosa)
9 ALTA    - PAC007 (Ana Laura Nogueira)
10 ALTA    - PAC043 (Arthur Rezende)
11 ALTA    - PAC018 (Emilly Cunha)
12 ALTA    - PAC008 (Ana Clara Carvalho)
13 ALTA    - PAC011 (Benício Castro)
14 ALTA    - PAC017 (Mirella Fernandes)
15 ALTA    - PAC035 (Isis Moreira)
16 ALTA    - PAC003 (Nina Melo)
17 ALTA    - PAC032 (Caio Novaes)
18 ALTA    - PAC027 (Daniel da Costa)
19 ALTA    - PAC031 (Isaac da Costa)
20 ALTA    - PAC002 (Beatriz Gomes)
21 ALTA    - PAC040 (Vitória Nogueira)
22 ALTA    - PAC039 (Luiz Miguel Santos)
23 ALTA    - PAC015 (Francisco Moraes)
24 ALTA    - PAC050 (João Guilherme Cardoso)
25 ALTA    - PAC006 (Calebe Jesus)
26 ALTA    - PAC038 (Enzo Gabriel Costela)
27 ALTA    - PAC041 (Luiz Felipe Ferreira)
28 ALTA    - PAC016 (Noah Pires)
29 ALTA    - PAC020 (Rafaela Peixoto)
30 ALTA    - PAC034 (Luiz Felipe Novaes)
31 ALTA    - PAC042 (Gustavo Henrique Melo)
32 ALTA    - PAC014 (Fernanda Monteiro)
33 ALTA    - PAC023 (Enrico Alves)
34 ALTA    - PAC044 (Giovanna Cavalcanti)
35 ALTA    - PAC045 (Marina Mendes)
36 ALTA    - PAC013 (Luana da Rocha)
37 ALTA    - PAC033 (Francisco da Cunha)
38 ALTA    - PAC024 (Ana Luiza Ribeiro)
39 ALTA    - PAC010 (Maria Sophia Melo)
40 ALTA    - PAC047 (Bryan Santos)
41 ALTA    - PAC048 (Ana Clara Castro)
42 ALTA    - PAC037 (Luiz Miguel da Conceição)
43 ALTA    - PAC028 (Gabriel da Cruz)
44 ALTA    - PAC036 (Luna Martins)
45 ALTA    - PAC004 (Manuela Ferreira)
INTERNADO    - PAC012 (prioridade 5)
INTERNADO    - PAC049 (prioridade 1)


Resumo - Internados nos leitos: 2 - Lista de espera: 0 - Aguardando atendimento: 0 - Altas: 48
[Ciclo 23]
1 ALTA    - PAC025 (Davi Lucas Freitas)
2 ALTA    - PAC030 (Matheus Rocha)
3 ALTA    - PAC029 (Ana Beatriz Lima)
4 ALTA    - PAC026 (Maria Sales)
5 ALTA    - PAC022 (Lucas Gabriel Barros)
6 ALTA    - PAC001 (Sophie Peixoto)
7 ALTA    - PAC005 (Thomas Martins)
8 ALTA    - PAC019 (Sofia Peixoto)
9 ALTA    - PAC021 (Samuel da Cruz)
10 ALTA    - PAC046 (Isadora da Mota)
11 ALTA    - PAC009 (Eduarda da Rosa)
12 ALTA    - PAC007 (Ana Laura Nogueira)
13 ALTA    - PAC043 (Arthur Rezende)
14 ALTA    - PAC018 (Emilly Cunha)
15 ALTA    - PAC008 (Ana Clara Carvalho)
16 ALTA    - PAC011 (Benício Castro)
17 ALTA    - PAC017 (Mirella Fernandes)
18 ALTA    - PAC035 (Isis Moreira)
19 ALTA    - PAC003 (Nina Melo)
20 ALTA    - PAC032 (Caio Novaes)
21 ALTA    - PAC027 (Daniel da Costa)
22 ALTA    - PAC031 (Isaac da Costa)
23 ALTA    - PAC002 (Beatriz Gomes)
24 ALTA    - PAC040 (Vitória Nogueira)
25 ALTA    - PAC039 (Luiz Miguel Santos)
26 ALTA    - PAC015 (Francisco Moraes)
27 ALTA    - PAC050 (João Guilherme Cardoso)
28 ALTA    - PAC006 (Calebe Jesus)
29 ALTA    - PAC038 (Enzo Gabriel Costela)
30 ALTA    - PAC041 (Luiz Felipe Ferreira)
31 ALTA    - PAC016 (Noah Pires)
32 ALTA    - PAC020 (Rafaela Peixoto)
33 ALTA    - PAC034 (Luiz Felipe Novaes)
34 ALTA    - PAC042 (Gustavo Henrique Melo)
35 ALTA    - PAC014 (Fernanda Monteiro)
36 ALTA    - PAC023 (Enrico Alves)
37 ALTA    - PAC044 (Giovanna Cavalcanti)
38 ALTA    - PAC045 (Marina Mendes)
39 ALTA    - PAC013 (Luana da Rocha)
40 ALTA    - PAC033 (Francisco da Cunha)
41 ALTA    - PAC024 (Ana Luiza Ribeiro)
42 ALTA    - PAC010 (Maria Sophia Melo)
43 ALTA    - PAC047 (Bryan Santos)
44 ALTA    - PAC048 (Ana Clara Castro)
45 ALTA    - PAC037 (Luiz Miguel da Conceição)
46 ALTA    - PAC028 (Gabriel da Cruz)
47 ALTA    - PAC036 (Luna Martins)
48 ALTA    - PAC004 (Manuela Ferreira)
INTERNADO    - PAC012 (prioridade 5)


Resumo - Internados nos leitos: 1 - Lista de espera: 0 - Aguardando atendimento: 0 - Altas: 49
[Ciclo 24]
1 ALTA    - PAC049 (Bruno Moraes)
2 ALTA    - PAC025 (Davi Lucas Freitas)
3 ALTA    - PAC030 (Matheus Rocha)
4 ALTA    - PAC029 (Ana Beatriz Lima)
5 ALTA    - PAC026 (Maria Sales)
6 ALTA    - PAC022 (Lucas Gabriel Barros)
7 ALTA    - PAC001 (Sophie Peixoto)
8 ALTA    - PAC005 (Thomas Martins)
9 ALTA    - PAC019 (Sofia Peixoto)
10 ALTA    - PAC021 (Samuel da Cruz)
11 ALTA    - PAC046 (Isadora da Mota)
12 ALTA    - PAC009 (Eduarda da Rosa)
13 ALTA    - PAC007 (Ana Laura Nogueira)
14 ALTA    - PAC043 (Arthur Rezende)
15 ALTA    - PAC018 (Emilly Cunha)
16 ALTA    - PAC008 (Ana Clara Carvalho)
17 ALTA    - PAC011 (Benício Castro)
18 ALTA    - PAC017 (Mirella Fernandes)
19 ALTA    - PAC035 (Isis Moreira)
20 ALTA    - PAC003 (Nina Melo)
21 ALTA    - PAC032 (Caio Novaes)
22 ALTA    - PAC027 (Daniel da Costa)
23 ALTA    - PAC031 (Isaac da Costa)
24 ALTA    - PAC002 (Beatriz Gomes)
25 ALTA    - PAC040 (Vitória Nogueira)
26 ALTA    - PAC039 (Luiz Miguel Santos)
27 ALTA    - PAC015 (Francisco Moraes)
28 ALTA    - PAC050 (João Guilherme Cardoso)
29 ALTA    - PAC006 (Calebe Jesus)
30 ALTA    - PAC038 (Enzo Gabriel Costela)
31 ALTA    - PAC041 (Luiz Felipe Ferreira)
32 ALTA    - PAC016 (Noah Pires)
33 ALTA    - PAC020 (Rafaela Peixoto)
34 ALTA    - PAC034 (Luiz Felipe Novaes)
35 ALTA    - PAC042 (Gustavo Henrique Melo)
36 ALTA    - PAC014 (Fernanda Monteiro)
37 ALTA    - PAC023 (Enrico Alves)
38 ALTA    - PAC044 (Giovanna Cavalcanti)
39 ALTA    - PAC045 (Marina Mendes)
40 ALTA    - PAC013 (Luana da Rocha)
41 ALTA    - PAC033 (Francisco da Cunha)
42 ALTA    - PAC024 (Ana Luiza Ribeiro)
43 ALTA    - PAC010 (Maria Sophia Melo)
44 ALTA    - PAC047 (Bryan Santos)
45 ALTA    - PAC048 (Ana Clara Castro)
46 ALTA    - PAC037 (Luiz Miguel da Conceição)
47 ALTA    - PAC028 (Gabriel da Cruz)
48 ALTA    - PAC036 (Luna Martins)
49 ALTA    - PAC004 (Manuela Ferreira)


Resumo - Internados nos leitos: 0 - Lista de espera: 0 - Aguardando atendimento: 0 - Altas: 50
[Ciclo 25]
1 ALTA    - PAC012 (Caroline Costa)
2 ALTA    - PAC049 (Bruno Moraes)
3 ALTA    - PAC025 (Davi Lucas Freitas)
4 ALTA    - PAC030 (Matheus Rocha)
5 ALTA    - PAC029 (Ana Beatriz Lima)
6 ALTA    - PAC026 (Maria Sales)
7 ALTA    - PAC022 (Lucas Gabriel Barros)
8 ALTA    - PAC001 (Sophie Peixoto)
9 ALTA    - PAC005 (Thomas Martins)
10 ALTA    - PAC019 (Sofia Peixoto)
11 ALTA    - PAC021 (Samuel da Cruz)
12 ALTA    - PAC046 (Isadora da Mota)
13 ALTA    - PAC009 (Eduarda da Rosa)
14 ALTA    - PAC007 (Ana Laura Nogueira)
15 ALTA    - PAC043 (Arthur Rezende)
16 ALTA    - PAC018 (Emilly Cunha)
17 ALTA    - PAC008 (Ana Clara Carvalho)
18 ALTA    - PAC011 (Benício Castro)
19 ALTA    - PAC017 (Mirella Fernandes)
20 ALTA    - PAC035 (Isis Moreira)
21 ALTA    - PAC003 (Nina Melo)
22 ALTA    - PAC032 (Caio Novaes)
23 ALTA    - PAC027 (Daniel da Costa)
24 ALTA    - PAC031 (Isaac da Costa)
25 ALTA    - PAC002 (Beatriz Gomes)
26 ALTA    - PAC040 (Vitória Nogueira)
27 ALTA    - PAC039 (Luiz Miguel Santos)
28 ALTA    - PAC015 (Francisco Moraes)
29 ALTA    - PAC050 (João Guilherme Cardoso)
30 ALTA    - PAC006 (Calebe Jesus)
31 ALTA    - PAC038 (Enzo Gabriel Costela)
32 ALTA    - PAC041 (Luiz Felipe Ferreira)
33 ALTA    - PAC016 (Noah Pires)
34 ALTA    - PAC020 (Rafaela Peixoto)
35 ALTA    - PAC034 (Luiz Felipe Novaes)
36 ALTA    - PAC042 (Gustavo Henrique Melo)
37 ALTA    - PAC014 (Fernanda Monteiro)
38 ALTA    - PAC023 (Enrico Alves)
39 ALTA    - PAC044 (Giovanna Cavalcanti)
40 ALTA    - PAC045 (Marina Mendes)
41 ALTA    - PAC013 (Luana da Rocha)
42 ALTA    - PAC033 (Francisco da Cunha)
43 ALTA    - PAC024 (Ana Luiza Ribeiro)
44 ALTA    - PAC010 (Maria Sophia Melo)
45 ALTA    - PAC047 (Bryan Santos)
46 ALTA    - PAC048 (Ana Clara Castro)
47 ALTA    - PAC037 (Luiz Miguel da Conceição)
48 ALTA    - PAC028 (Gabriel da Cruz)
49 ALTA    - PAC036 (Luna Martins)
50 ALTA    - PAC004 (Manuela Ferreira)
[Ciclo 1]
ESPERA    - PAC023 (prioridade 5)
ESPERA    - PAC045 (prioridade 4)
ESPERA    - PAC031 (prioridade 5)
ESPERA    - PAC012 (prioridade 5)
ESPERA    - PAC034 (prioridade 4)
ESPERA    - PAC036 (prioridade 4)
ESPERA    - PAC050 (prioridade 5)
ESPERA    - PAC015 (prioridade 5)
ESPERA    - PAC030 (prioridade 1)
ESPERA    - PAC037 (prioridade 2)
ESPERA    - PAC049 (prioridade 1)
ESPERA    - PAC038 (prioridade 3)
ESPERA    - PAC027 (prioridade 2)
ESPERA    - PAC017 (prioridade 1)
ESPERA    - PAC035 (prioridade 1)
ESPERA    - PAC042 (prioridade 1)
ESPERA    - PAC025 (prioridade 3)
ESPERA    - PAC032 (prioridade 2)
ESPERA    - PAC007 (prioridade 3)
ESPERA    - PAC016 (prioridade 2)


Resumo - Internados nos leitos: 0 - Lista de espera: 20 - Aguardando atendimento: 30 - Altas: 0


[Ciclo 2]
INTERNADO    - PAC023 (prioridade 5)
INTERNADO    - PAC045 (prioridade 4)
INTERNADO    - PAC031 (prioridade 5)
INTERNADO    - PAC012 (prioridade 5)
INTERNADO    - PAC034 (prioridade 4)
INTERNADO    - PAC036 (prioridade 4)
INTERNADO    - PAC050 (prioridade 5)
INTERNADO    - PAC015 (prioridade 5)
INTERNADO    - PAC030 (prioridade 1)
INTERNADO    - PAC037 (prioridade 2)
ESPERA    - PAC028 (prioridade 4)
ESPERA    - PAC006 (prioridade 5)
ESPERA    - PAC049 (prioridade 1)
ESPERA    - PAC038 (prioridade 3)
ESPERA    - PAC027 (prioridade 2)
ESPERA    - PAC017 (prioridade 1)
ESPERA    - PAC035 (prioridade 1)
ESPERA    - PAC042 (prioridade 1)
ESPERA    - PAC025 (prioridade 3)
ESPERA    - PAC032 (prioridade 2)
ESPERA    - PAC007 (prioridade 3)
ESPERA    - PAC016 (prioridade 2)
ESPERA    - PAC022 (prioridade 1)
ESPERA    - PAC003 (prioridade 3)
ESPERA    - PAC026 (prioridade 3)
ESPERA    - PAC009 (prioridade 3)
ESPERA    - PAC021 (prioridade 3)
ESPERA    - PAC029 (prioridade 2)
ESPERA    - PAC019 (prioridade 1)
ESPERA    - PAC018 (prioridade 2)


Resumo - Internados nos leitos: 10 - Lista de espera: 20 - Aguardando atendimento: 20 - Altas: 0


[Ciclo 3]
INTERNADO    - PAC023 (prioridade 5)
INTERNADO    - PAC045 (prioridade 4)
INTERNADO    - PAC031 (prioridade 5)
INTERNADO    - PAC012 (prioridade 5)
INTERNADO    - PAC034 (prioridade 4)
INTERNADO    - PAC015 (prioridade 5)
INTERNADO    - PAC037 (prioridade 2)
INTERNADO    - PAC028 (prioridade 4)
INTERNADO    - PAC006 (prioridade 5)
INTERNADO    - PAC049 (prioridade 1)
ESPERA    - PAC044 (prioridade 5)
ESPERA    - PAC010 (prioridade 5)
ESPERA    - PAC038 (prioridade 3)
ESPERA    - PAC027 (prioridade 2)
ESPERA    - PAC017 (prioridade 1)
ESPERA    - PAC035 (prioridade 1)
ESPERA    - PAC042 (prioridade 1)
ESPERA    - PAC025 (prioridade 3)
ESPERA    - PAC032 (prioridade 2)
ESPERA    - PAC007 (prioridade 3)
ESPERA    - PAC016 (prioridade 2)
ESPERA    - PAC022 (prioridade 1)
ESPERA    - PAC003 (prioridade 3)
ESPERA    - PAC026 (prioridade 3)
ESPERA    - PAC009 (prioridade 3)
ESPERA    - PAC021 (prioridade 3)
ESPERA    - PAC029 (prioridade 2)
ESPERA    - PAC019 (prioridade 1)
ESPERA    - PAC018 (prioridade 2)
ESPERA    - PAC039 (prioridade 3)


Resumo - Internados nos leitos: 10 - Lista de espera: 20 - Aguardando atendimento: 17 - Altas: 3


[Ciclo 4]
1 ALTA    - PAC050 (João Guilherme Cardoso)
2 ALTA    - PAC036 (Luna Martins)
3 ALTA    - PAC030 (Matheus Rocha)
INTERNADO    - PAC045 (prioridade 4)
INTERNADO    - PAC012 (prioridade 5)
INTERNADO    - PAC034 (prioridade 4)
INTERNADO    - PAC015 (prioridade 5)
INTERNADO    - PAC028 (prioridade 4)
INTERNADO    - PAC006 (prioridade 5)
INTERNADO    - PAC049 (prioridade 1)
INTERNADO    - PAC044 (prioridade 5)
INTERNADO    - PAC010 (prioridade 5)
INTERNADO    - PAC038 (prioridade 3)
ESPERA    - PAC002 (prioridade 4)
ESPERA    - PAC027 (prioridade 2)
ESPERA    - PAC017 (prioridade 1)
ESPERA    - PAC035 (prioridade 1)
ESPERA    - PAC042 (prioridade 1)
ESPERA    - PAC025 (prioridade 3)
ESPERA    - PAC032 (prioridade 2)
ESPERA    - PAC007 (prioridade 3)
ESPERA    - PAC016 (prioridade 2)
ESPERA    - PAC022 (prioridade 1)
ESPERA    - PAC003 (prioridade 3)
ESPERA    - PAC026 (prioridade 3)
ESPERA    - PAC009 (prioridade 3)
ESPERA    - PAC021 (prioridade 3)
ESPERA    - PAC029 (prioridade 2)
ESPERA    - PAC019 (prioridade 1)
ESPERA    - PAC018 (prioridade 2)
ESPERA    - PAC039 (prioridade 3)
ESPERA    - PAC047 (prioridade 2)
ESPERA    - PAC041 (prioridade 2)


Resumo - Internados nos leitos: 10 - Lista de espera: 20 - Aguardando atendimento: 14 - Altas: 6


[Ciclo 5]
1 ALTA    - PAC023 (Enrico Alves)
2 ALTA    - PAC031 (Isaac da Costa)
3 ALTA    - PAC037 (Luiz Miguel da Conceição)
4 ALTA    - PAC050 (João Guilherme Cardoso)
5 ALTA    - PAC036 (Luna Martins)
6 ALTA    - PAC030 (Matheus Rocha)
INTERNADO    - PAC045 (prioridade 4)
INTERNADO    - PAC012 (prioridade 5)
INTERNADO    - PAC034 (prioridade 4)
INTERNADO    - PAC049 (prioridade 1)
INTERNADO    - PAC044 (prioridade 5)
INTERNADO    - PAC010 (prioridade 5)
INTERNADO    - PAC038 (prioridade 3)
INTERNADO    - PAC002 (prioridade 4)
INTERNADO    - PAC027 (prioridade 2)
INTERNADO    - PAC017 (prioridade 1)
ESPERA    - PAC004 (prioridade 5)
ESPERA    - PAC040 (prioridade 4)
ESPERA    - PAC035 (prioridade 1)
ESPERA    - PAC042 (prioridade 1)
ESPERA    - PAC025 (prioridade 3)
ESPERA    - PAC032 (prioridade 2)
ESPERA    - PAC007 (prioridade 3)
ESPERA    - PAC016 (prioridade 2)
ESPERA    - PAC022 (prioridade 1)
ESPERA    - PAC003 (prioridade 3)
ESPERA    - PAC026 (prioridade 3)
ESPERA    - PAC009 (prioridade 3)
ESPERA    - PAC021 (prioridade 3)
ESPERA    - PAC029 (prioridade 2)
ESPERA    - PAC019 (prioridade 1)
ESPERA    - PAC018 (prioridade 2)
ESPERA    - PAC039 (prioridade 3)
ESPERA    - PAC047 (prioridade 2)
ESPERA    - PAC041 (prioridade 2)
ESPERA    - PAC046 (prioridade 1)


Resumo - Internados nos leitos: 10 - Lista de espera: 20 - Aguardando atendimento: 11 - Altas: 9


[Ciclo 6]
1 ALTA    - PAC028 (Gabriel da Cruz)
2 ALTA    - PAC006 (Calebe Jesus)
3 ALTA    - PAC015 (Francisco Moraes)
4 ALTA    - PAC023 (Enrico Alves)
5 ALTA    - PAC031 (Isaac da Costa)
6 ALTA    - PAC037 (Luiz Miguel da Conceição)
7 ALTA    - PAC050 (João Guilherme Cardoso)
8 ALTA    - PAC036 (Luna Martins)
9 ALTA    - PAC030 (Matheus Rocha)
INTERNADO    - PAC045 (prioridade 4)
INTERNADO    - PAC012 (prioridade 5)
INTERNADO    - PAC034 (prioridade 4)
INTERNADO    - PAC049 (prioridade 1)
INTERNADO    - PAC044 (prioridade 5)
INTERNADO    - PAC010 (prioridade 5)
INTERNADO    - PAC002 (prioridade 4)
INTERNADO    - PAC027 (prioridade 2)
INTERNADO    - PAC004 (prioridade 5)
INTERNADO    - PAC040 (prioridade 4)
ESPERA    - PAC014 (prioridade 4)
ESPERA    - PAC035 (prioridade 1)
ESPERA    - PAC042 (prioridade 1)
ESPERA    - PAC025 (prioridade 3)
ESPERA    - PAC032 (prioridade 2)
ESPERA    - PAC007 (prioridade 3)
ESPERA    - PAC016 (prioridade 2)
ESPERA    - PAC022 (prioridade 1)
ESPERA    - PAC003 (prioridade 3)
ESPERA    - PAC026 (prioridade 3)
ESPERA    - PAC009 (prioridade 3)
ESPERA    - PAC021 (prioridade 3)
ESPERA    - PAC029 (prioridade 2)
ESPERA    - PAC019 (prioridade 1)
ESPERA    - PAC018 (prioridade 2)
ESPERA    - PAC039 (prioridade 3)
ESPERA    - PAC047 (prioridade 2)
ESPERA    - PAC041 (prioridade 2)
ESPERA    - PAC046 (prioridade 1)
ESPERA    - PAC043 (prioridade 1)


Resumo - Internados nos leitos: 10 - Lista de espera: 20 - Aguardando atendimento: 9 - Altas: 11


[Ciclo 7]
1 ALTA    - PAC038 (Enzo Gabriel Costela)
2 ALTA    - PAC017 (Mirella Fernandes)
3 ALTA    - PAC028 (Gabriel da Cruz)
4 ALTA    - PAC006 (Calebe Jesus)
5 ALTA    - PAC015 (Francisco Moraes)
6 ALTA    - PAC023 (Enrico Alves)
7 ALTA    - PAC031 (Isaac da Costa)
8 ALTA    - PAC037 (Luiz Miguel da Conceição)
9 ALTA    - PAC050 (João Guilherme Cardoso)
10 ALTA    - PAC036 (Luna Martins)
11 ALTA    - PAC030 (Matheus Rocha)
INTERNADO    - PAC045 (prioridade 4)
INTERNADO    - PAC012 (prioridade 5)
INTERNADO    - PAC034 (prioridade 4)
INTERNADO    - PAC049 (prioridade 1)
INTERNADO    - PAC044 (prioridade 5)
INTERNADO    - PAC027 (prioridade 2)
INTERNADO    - PAC004 (prioridade 5)
INTERNADO    - PAC040 (prioridade 4)
INTERNADO    - PAC014 (prioridade 4)
INTERNADO    - PAC035 (prioridade 1)
ESPERA    - PAC020 (prioridade 5)
ESPERA    - PAC013 (prioridade 5)
ESPERA    - PAC042 (prioridade 1)
ESPERA    - PAC025 (prioridade 3)
ESPERA    - PAC032 (prioridade 2)
ESPERA    - PAC007 (prioridade 3)
ESPERA    - PAC016 (prioridade 2)
ESPERA    - PAC022 (prioridade 1)
ESPERA    - PAC003 (prioridade 3)
ESPERA    - PAC026 (prioridade 3)
ESPERA    - PAC009 (prioridade 3)
ESPERA    - PAC021 (prioridade 3)
ESPERA    - PAC029 (prioridade 2)
ESPERA    - PAC019 (prioridade 1)
ESPERA    - PAC018 (prioridade 2)
ESPERA    - PAC039 (prioridade 3)
ESPERA    - PAC047 (prioridade 2)
ESPERA    - PAC041 (prioridade 2)
ESPERA    - PAC046 (prioridade 1)
ESPERA    - PAC043 (prioridade 1)


Resumo - Internados nos leitos: 10 - Lista de espera: 20 - Aguardando atendimento: 7 - Altas: 13


[Ciclo 8]
1 ALTA    - PAC010 (Maria Sophia Melo)
2 ALTA    - PAC002 (Beatriz Gomes)
3 ALTA    - PAC038 (Enzo Gabriel Costela)
4 ALTA    - PAC017 (Mirella Fernandes)
5 ALTA    - PAC028 (Gabriel da Cruz)
6 ALTA    - PAC006 (Calebe Jesus)
7 ALTA    - PAC015 (Francisco Moraes)
8 ALTA    - PAC023 (Enrico Alves)
9 ALTA    - PAC031 (Isaac da Costa)
10 ALTA    - PAC037 (Luiz Miguel da Conceição)
11 ALTA    - PAC050 (João Guilherme Cardoso)
12 ALTA    - PAC036 (Luna Martins)
13 ALTA    - PAC030 (Matheus Rocha)
INTERNADO    - PAC045 (prioridade 4)
INTERNADO    - PAC012 (prioridade 5)
INTERNADO    - PAC034 (prioridade 4)
INTERNADO    - PAC044 (prioridade 5)
INTERNADO    - PAC004 (prioridade 5)
INTERNADO    - PAC040 (prioridade 4)
INTERNADO    - PAC014 (prioridade 4)
INTERNADO    - PAC035 (prioridade 1)
INTERNADO    - PAC020 (prioridade 5)
INTERNADO    - PAC013 (prioridade 5)
ESPERA    - PAC033 (prioridade 5)
ESPERA    - PAC042 (prioridade 1)
ESPERA    - PAC025 (prioridade 3)
ESPERA    - PAC032 (prioridade 2)
ESPERA    - PAC007 (prioridade 3)
ESPERA    - PAC016 (prioridade 2)
ESPERA    - PAC022 (prioridade 1)
ESPERA    - PAC003 (prioridade 3)
ESPERA    - PAC026 (prioridade 3)
ESPERA    - PAC009 (prioridade 3)
ESPERA    - PAC021 (prioridade 3)
ESPERA    - PAC029 (prioridade 2)
ESPERA    - PAC019 (prioridade 1)
ESPERA    - PAC018 (prioridade 2)
ESPERA    - PAC039 (prioridade 3)
ESPERA    - PAC047 (prioridade 2)
ESPERA    - PAC041 (prioridade 2)
ESPERA    - PAC046 (prioridade 1)
ESPERA    - PAC043 (prioridade 1)
ESPERA    - PAC001 (prioridade 1)


Resumo - Internados nos leitos: 10 - Lista de espera: 20 - Aguardando atendimento: 5 - Altas: 15


[Ciclo 9]
1 ALTA    - PAC027 (Daniel da Costa)
2 ALTA    - PAC049 (Bruno Moraes)
3 ALTA    - PAC010 (Maria Sophia Melo)
4 ALTA    - PAC002 (Beatriz Gomes)
5 ALTA    - PAC038 (Enzo Gabriel Costela)
6 ALTA    - PAC017 (Mirella Fernandes)
7 ALTA    - PAC028 (Gabriel da Cruz)
8 ALTA    - PAC006 (Calebe Jesus)
9 ALTA    - PAC015 (Francisco Moraes)
10 ALTA    - PAC023 (Enrico Alves)
11 ALTA    - PAC031 (Isaac da Costa)
12 ALTA    - PAC037 (Luiz Miguel da Conceição)
13 ALTA    - PAC050 (João Guilherme Cardoso)
14 ALTA    - PAC036 (Luna Martins)
15 ALTA    - PAC030 (Matheus Rocha)
INTERNADO    - PAC045 (prioridade 4)
INTERNADO    - PAC012 (prioridade 5)
INTERNADO    - PAC034 (prioridade 4)
INTERNADO    - PAC044 (prioridade 5)
INTERNADO    - PAC004 (prioridade 5)
INTERNADO    - PAC040 (prioridade 4)
INTERNADO    - PAC014 (prioridade 4)
INTERNADO    - PAC035 (prioridade 1)
INTERNADO    - PAC013 (prioridade 5)
INTERNADO    - PAC033 (prioridade 5)
ESPERA    - PAC024 (prioridade 4)
ESPERA    - PAC042 (prioridade 1)
ESPERA    - PAC025 (prioridade 3)
ESPERA    - PAC032 (prioridade 2)
ESPERA    - PAC007 (prioridade 3)
ESPERA    - PAC016 (prioridade 2)
ESPERA    - PAC022 (prioridade 1)
ESPERA    - PAC003 (prioridade 3)
ESPERA    - PAC026 (prioridade 3)
ESPERA    - PAC009 (prioridade 3)
ESPERA    - PAC021 (prioridade 3)
ESPERA    - PAC029 (prioridade 2)
ESPERA    - PAC019 (prioridade 1)
ESPERA    - PAC018 (prioridade 2)
ESPERA    - PAC039 (prioridade 3)
ESPERA    - PAC047 (prioridade 2)
ESPERA    - PAC041 (prioridade 2)
ESPERA    - PAC046 (prioridade 1)
ESPERA    - PAC043 (prioridade 1)
ESPERA    - PAC001 (prioridade 1)


Resumo - Internados nos leitos: 10 - Lista de espera: 20 - Aguardando atendimento: 4 - Altas: 16


[Ciclo 10]
1 ALTA    - PAC020 (Rafaela Peixoto)
2 ALTA    - PAC027 (Daniel da Costa)
3 ALTA    - PAC049 (Bruno Moraes)
4 ALTA    - PAC010 (Maria Sophia Melo)
5 ALTA    - PAC002 (Beatriz Gomes)
6 ALTA    - PAC038 (Enzo Gabriel Costela)
7 ALTA    - PAC017 (Mirella Fernandes)
8 ALTA    - PAC028 (Gabriel da Cruz)
9 ALTA    - PAC006 (Calebe Jesus)
10 ALTA    - PAC015 (Francisco Moraes)
11 ALTA    - PAC023 (Enrico Alves)
12 ALTA    - PAC031 (Isaac da Costa)
13 ALTA    - PAC037 (Luiz Miguel da Conceição)
14 ALTA    - PAC050 (João Guilherme Cardoso)
15 ALTA    - PAC036 (Luna Martins)
16 ALTA    - PAC030 (Matheus Rocha)
INTERNADO    - PAC045 (prioridade 4)
INTERNADO    - PAC012 (prioridade 5)
INTERNADO    - PAC044 (prioridade 5)
INTERNADO    - PAC004 (prioridade 5)
INTERNADO    - PAC040 (prioridade 4)
INTERNADO    - PAC014 (prioridade 4)
INTERNADO    - PAC033 (prioridade 5)
INTERNADO    - PAC024 (prioridade 4)
INTERNADO    - PAC042 (prioridade 1)
INTERNADO    - PAC025 (prioridade 3)
ESPERA    - PAC048 (prioridade 4)
ESPERA    - PAC032 (prioridade 2)
ESPERA    - PAC007 (prioridade 3)
ESPERA    - PAC016 (prioridade 2)
ESPERA    - PAC022 (prioridade 1)
ESPERA    - PAC003 (prioridade 3)
ESPERA    - PAC026 (prioridade 3)
ESPERA    - PAC009 (prioridade 3)
ESPERA    - PAC021 (prioridade 3)
ESPERA    - PAC029 (prioridade 2)
ESPERA    - PAC019 (prioridade 1)
ESPERA    - PAC018 (prioridade 2)
ESPERA    - PAC039 (prioridade 3)
ESPERA    - PAC047 (prioridade 2)
ESPERA    - PAC041 (prioridade 2)
ESPERA    - PAC046 (prioridade 1)
ESPERA    - PAC043 (prioridade 1)
ESPERA    - PAC001 (prioridade 1)
ESPERA    - PAC005 (prioridade 2)
ESPERA    - PAC008 (prioridade 3)


Resumo - Internados nos leitos: 10 - Lista de espera: 20 - Aguardando atendimento: 1 - Altas: 19


[Ciclo 11]
1 ALTA    - PAC035 (Isis Moreira)
2 ALTA    - PAC013 (Luana da Rocha)
3 ALTA    - PAC034 (Luiz Felipe Novaes)
4 ALTA    - PAC020 (Rafaela Peixoto)
5 ALTA    - PAC027 (Daniel da Costa)
6 ALTA    - PAC049 (Bruno Moraes)
7 ALTA    - PAC010 (Maria Sophia Melo)
8 ALTA    - PAC002 (Beatriz Gomes)
9 ALTA    - PAC038 (Enzo Gabriel Costela)
10 ALTA    - PAC017 (Mirella Fernandes)
11 ALTA    - PAC028 (Gabriel da Cruz)
12 ALTA    - PAC006 (Calebe Jesus)
13 ALTA    - PAC015 (Francisco Moraes)
14 ALTA    - PAC023 (Enrico Alves)
15 ALTA    - PAC031 (Isaac da Costa)
16 ALTA    - PAC037 (Luiz Miguel da Conceição)
17 ALTA    - PAC050 (João Guilherme Cardoso)
18 ALTA    - PAC036 (Luna Martins)
19 ALTA    - PAC030 (Matheus Rocha)
INTERNADO    - PAC045 (prioridade 4)
INTERNADO    - PAC012 (prioridade 5)
INTERNADO    - PAC044 (prioridade 5)
INTERNADO    - PAC040 (prioridade 4)
INTERNADO    - PAC014 (prioridade 4)
INTERNADO    - PAC033 (prioridade 5)
INTERNADO    - PAC042 (prioridade 1)
INTERNADO    - PAC025 (prioridade 3)
INTERNADO    - PAC048 (prioridade 4)
INTERNADO    - PAC032 (prioridade 2)
ESPERA    - PAC011 (prioridade 5)
ESPERA    - PAC007 (prioridade 3)
ESPERA    - PAC016 (prioridade 2)
ESPERA    - PAC022 (prioridade 1)
ESPERA    - PAC003 (prioridade 3)
ESPERA    - PAC026 (prioridade 3)
ESPERA    - PAC009 (prioridade 3)
ESPERA    - PAC021 (prioridade 3)
ESPERA    - PAC029 (prioridade 2)
ESPERA    - PAC019 (prioridade 1)
ESPERA    - PAC018 (prioridade 2)
ESPERA    - PAC039 (prioridade 3)
ESPERA    - PAC047 (prioridade 2)
ESPERA    - PAC041 (prioridade 2)
ESPERA    - PAC046 (prioridade 1)
ESPERA    - PAC043 (prioridade 1)
ESPERA    - PAC001 (prioridade 1)
ESPERA    - PAC005 (prioridade 2)
ESPERA    - PAC008 (prioridade 3)


Resumo - Internados nos leitos: 10 - Lista de espera: 19 - Aguardando atendimento: 0 - Altas: 21


[Ciclo 12]
1 ALTA    - PAC004 (Manuela Ferreira)
2 ALTA    - PAC024 (Ana Luiza Ribeiro)
3 ALTA    - PAC035 (Isis Moreira)
4 ALTA    - PAC013 (Luana da Rocha)
5 ALTA    - PAC034 (Luiz Felipe Novaes)
6 ALTA    - PAC020 (Rafaela Peixoto)
7 ALTA    - PAC027 (Daniel da Costa)
8 ALTA    - PAC049 (Bruno Moraes)
9 ALTA    - PAC010 (Maria Sophia Melo)
10 ALTA    - PAC002 (Beatriz Gomes)
11 ALTA    - PAC038 (Enzo Gabriel Costela)
12 ALTA    - PAC017 (Mirella Fernandes)
13 ALTA    - PAC028 (Gabriel da Cruz)
14 ALTA    - PAC006 (Calebe Jesus)
15 ALTA    - PAC015 (Francisco Moraes)
16 ALTA    - PAC023 (Enrico Alves)
17 ALTA    - PAC031 (Isaac da Costa)
18 ALTA    - PAC037 (Luiz Miguel da Conceição)
19 ALTA    - PAC050 (João Guilherme Cardoso)
20 ALTA    - PAC036 (Luna Martins)
21 ALTA    - PAC030 (Matheus Rocha)
INTERNADO    - PAC045 (prioridade 4)
INTERNADO    - PAC040 (prioridade 4)
INTERNADO    - PAC033 (prioridade 5)
INTERNADO    - PAC042 (prioridade 1)
INTERNADO    - PAC025 (prioridade 3)
INTERNADO    - PAC048 (prioridade 4)
INTERNADO    - PAC032 (prioridade 2)
INTERNADO    - PAC011 (prioridade 5)
INTERNADO    - PAC007 (prioridade 3)
INTERNADO    - PAC016 (prioridade 2)


Resumo - Internados nos leitos: 10 - Lista de espera: 16 - Aguardando atendimento: 0 - Altas: 24


[Ciclo 13]
1 ALTA    - PAC044 (Giovanna Cavalcanti)
2 ALTA    - PAC012 (Caroline Costa)
3 ALTA    - PAC014 (Fernanda Monteiro)
4 ALTA    - PAC004 (Manuela Ferreira)
5 ALTA    - PAC024 (Ana Luiza Ribeiro)
6 ALTA    - PAC035 (Isis Moreira)
7 ALTA    - PAC013 (Luana da Rocha)
8 ALTA    - PAC034 (Luiz Felipe Novaes)
9 ALTA    - PAC020 (Rafaela Peixoto)
10 ALTA    - PAC027 (Daniel da Costa)
11 ALTA    - PAC049 (Bruno Moraes)
12 ALTA    - PAC010 (Maria Sophia Melo)
13 ALTA    - PAC002 (Beatriz Gomes)
14 ALTA    - PAC038 (Enzo Gabriel Costela)
15 ALTA    - PAC017 (Mirella Fernandes)
16 ALTA    - PAC028 (Gabriel da Cruz)
17 ALTA    - PAC006 (Calebe Jesus)
18 ALTA    - PAC015 (Francisco Moraes)
19 ALTA    - PAC023 (Enrico Alves)
20 ALTA    - PAC031 (Isaac da Costa)
21 ALTA    - PAC037 (Luiz Miguel da Conceição)
22 ALTA    - PAC050 (João Guilherme Cardoso)
23 ALTA    - PAC036 (Luna Martins)
24 ALTA    - PAC030 (Matheus Rocha)
INTERNADO    - PAC045 (prioridade 4)
INTERNADO    - PAC040 (prioridade 4)
INTERNADO    - PAC033 (prioridade 5)
INTERNADO    - PAC025 (prioridade 3)
INTERNADO    - PAC048 (prioridade 4)
INTERNADO    - PAC032 (prioridade 2)
INTERNADO    - PAC016 (prioridade 2)
INTERNADO    - PAC022 (prioridade 1)
INTERNADO    - PAC003 (prioridade 3)
INTERNADO    - PAC026 (prioridade 3)


Resumo - Internados nos leitos: 10 - Lista de espera: 13 - Aguardando atendimento: 0 - Altas: 27


[Ciclo 14]
1 ALTA    - PAC042 (Gustavo Henrique Melo)
2 ALTA    - PAC011 (Benício Castro)
3 ALTA    - PAC007 (Ana Laura Nogueira)
4 ALTA    - PAC044 (Giovanna Cavalcanti)
5 ALTA    - PAC012 (Caroline Costa)
6 ALTA    - PAC014 (Fernanda Monteiro)
7 ALTA    - PAC004 (Manuela Ferreira)
8 ALTA    - PAC024 (Ana Luiza Ribeiro)
9 ALTA    - PAC035 (Isis Moreira)
10 ALTA    - PAC013 (Luana da Rocha)
11 ALTA    - PAC034 (Luiz Felipe Novaes)
12 ALTA    - PAC020 (Rafaela Peixoto)
13 ALTA    - PAC027 (Daniel da Costa)
14 ALTA    - PAC049 (Bruno Moraes)
15 ALTA    - PAC010 (Maria Sophia Melo)
16 ALTA    - PAC002 (Beatriz Gomes)
17 ALTA    - PAC038 (Enzo Gabriel Costela)
18 ALTA    - PAC017 (Mirella Fernandes)
19 ALTA    - PAC028 (Gabriel da Cruz)
20 ALTA    - PAC006 (Calebe Jesus)
21 ALTA    - PAC015 (Francisco Moraes)
22 ALTA    - PAC023 (Enrico Alves)
23 ALTA    - PAC031 (Isaac da Costa)
24 ALTA    - PAC037 (Luiz Miguel da Conceição)
25 ALTA    - PAC050 (João Guilherme Cardoso)
26 ALTA    - PAC036 (Luna Martins)
27 ALTA    - PAC030 (Matheus Rocha)
INTERNADO    - PAC045 (prioridade 4)
INTERNADO    - PAC040 (prioridade 4)
INTERNADO    - PAC025 (prioridade 3)
INTERNADO    - PAC048 (prioridade 4)
INTERNADO    - PAC016 (prioridade 2)
INTERNADO    - PAC022 (prioridade 1)
INTERNADO    - PAC003 (prioridade 3)
INTERNADO    - PAC009 (prioridade 3)
INTERNADO    - PAC021 (prioridade 3)
INTERNADO    - PAC029 (prioridade 2)


Resumo - Internados nos leitos: 10 - Lista de espera: 10 - Aguardando atendimento: 0 - Altas: 30


[Ciclo 15]
1 ALTA    - PAC033 (Francisco da Cunha)
2 ALTA    - PAC032 (Caio Novaes)
3 ALTA    - PAC026 (Maria Sales)
4 ALTA    - PAC042 (Gustavo Henrique Melo)
5 ALTA    - PAC011 (Benício Castro)
6 ALTA    - PAC007 (Ana Laura Nogueira)
7 ALTA    - PAC044 (Giovanna Cavalcanti)
8 ALTA    - PAC012 (Caroline Costa)
9 ALTA    - PAC014 (Fernanda Monteiro)
10 ALTA    - PAC004 (Manuela Ferreira)
11 ALTA    - PAC024 (Ana Luiza Ribeiro)
12 ALTA    - PAC035 (Isis Moreira)
13 ALTA    - PAC013 (Luana da Rocha)
14 ALTA    - PAC034 (Luiz Felipe Novaes)
15 ALTA    - PAC020 (Rafaela Peixoto)
16 ALTA    - PAC027 (Daniel da Costa)
17 ALTA    - PAC049 (Bruno Moraes)
18 ALTA    - PAC010 (Maria Sophia Melo)
19 ALTA    - PAC002 (Beatriz Gomes)
20 ALTA    - PAC038 (Enzo Gabriel Costela)
21 ALTA    - PAC017 (Mirella Fernandes)
22 ALTA    - PAC028 (Gabriel da Cruz)
23 ALTA    - PAC006 (Calebe Jesus)
24 ALTA    - PAC015 (Francisco Moraes)
25 ALTA    - PAC023 (Enrico Alves)
26 ALTA    - PAC031 (Isaac da Costa)
27 ALTA    - PAC037 (Luiz Miguel da Conceição)
28 ALTA    - PAC050 (João Guilherme Cardoso)
29 ALTA    - PAC036 (Luna Martins)
30 ALTA    - PAC030 (Matheus Rocha)
INTERNADO    - PAC045 (prioridade 4)
INTERNADO    - PAC025 (prioridade 3)
INTERNADO    - PAC048 (prioridade 4)
INTERNADO    - PAC016 (prioridade 2)
INTERNADO    - PAC022 (prioridade 1)
INTERNADO    - PAC003 (prioridade 3)
INTERNADO    - PAC021 (prioridade 3)
INTERNADO    - PAC029 (prioridade 2)
INTERNADO    - PAC019 (prioridade 1)
INTERNADO    - PAC018 (prioridade 2)


Resumo - Internados nos leitos: 10 - Lista de espera: 8 - Aguardando atendimento: 0 - Altas: 32


[Ciclo 16]
1 ALTA    - PAC040 (Vitória Nogueira)
2 ALTA    - PAC009 (Eduarda da Rosa)
3 ALTA    - PAC033 (Francisco da Cunha)
4 ALTA    - PAC032 (Caio Novaes)
5 ALTA    - PAC026 (Maria Sales)
6 ALTA    - PAC042 (Gustavo Henrique Melo)
7 ALTA    - PAC011 (Benício Castro)
8 ALTA    - PAC007 (Ana Laura Nogueira)
9 ALTA    - PAC044 (Giovanna Cavalcanti)
10 ALTA    - PAC012 (Caroline Costa)
11 ALTA    - PAC014 (Fernanda Monteiro)
12 ALTA    - PAC004 (Manuela Ferreira)
13 ALTA    - PAC024 (Ana Luiza Ribeiro)
14 ALTA    - PAC035 (Isis Moreira)
15 ALTA    - PAC013 (Luana da Rocha)
16 ALTA    - PAC034 (Luiz Felipe Novaes)
17 ALTA    - PAC020 (Rafaela Peixoto)
18 ALTA    - PAC027 (Daniel da Costa)
19 ALTA    - PAC049 (Bruno Moraes)
20 ALTA    - PAC010 (Maria Sophia Melo)
21 ALTA    - PAC002 (Beatriz Gomes)
22 ALTA    - PAC038 (Enzo Gabriel Costela)
23 ALTA    - PAC017 (Mirella Fernandes)
24 ALTA    - PAC028 (Gabriel da Cruz)
25 ALTA    - PAC006 (Calebe Jesus)
26 ALTA    - PAC015 (Francisco Moraes)
27 ALTA    - PAC023 (Enrico Alves)
28 ALTA    - PAC031 (Isaac da Costa)
29 ALTA    - PAC037 (Luiz Miguel da Conceição)
30 ALTA    - PAC050 (João Guilherme Cardoso)
31 ALTA    - PAC036 (Luna Martins)
32 ALTA    - PAC030 (Matheus Rocha)
INTERNADO    - PAC045 (prioridade 4)
INTERNADO    - PAC048 (prioridade 4)
INTERNADO    - PAC016 (prioridade 2)
INTERNADO    - PAC022 (prioridade 1)
INTERNADO    - PAC003 (prioridade 3)
INTERNADO    - PAC029 (prioridade 2)
INTERNADO    - PAC019 (prioridade 1)
INTERNADO    - PAC018 (prioridade 2)
INTERNADO    - PAC039 (prioridade 3)
INTERNADO    - PAC047 (prioridade 2)


Resumo - Internados nos leitos: 10 - Lista de espera: 6 - Aguardando atendimento: 0 - Altas: 34


[Ciclo 17]
1 ALTA    - PAC021 (Samuel da Cruz)
2 ALTA    - PAC025 (Davi Lucas Freitas)
3 ALTA    - PAC040 (Vitória Nogueira)
4 ALTA    - PAC009 (Eduarda da Rosa)
5 ALTA    - PAC033 (Francisco da Cunha)
6 ALTA    - PAC032 (Caio Novaes)
7 ALTA    - PAC026 (Maria Sales)
8 ALTA    - PAC042 (Gustavo Henrique Melo)
9 ALTA    - PAC011 (Benício Castro)
10 ALTA    - PAC007 (Ana Laura Nogueira)
11 ALTA    - PAC044 (Giovanna Cavalcanti)
12 ALTA    - PAC012 (Caroline Costa)
13 ALTA    - PAC014 (Fernanda Monteiro)
14 ALTA    - PAC004 (Manuela Ferreira)
15 ALTA    - PAC024 (Ana Luiza Ribeiro)
16 ALTA    - PAC035 (Isis Moreira)
17 ALTA    - PAC013 (Luana da Rocha)
18 ALTA    - PAC034 (Luiz Felipe Novaes)
19 ALTA    - PAC020 (Rafaela Peixoto)
20 ALTA    - PAC027 (Daniel da Costa)
21 ALTA    - PAC049 (Bruno Moraes)
22 ALTA    - PAC010 (Maria Sophia Melo)
23 ALTA    - PAC002 (Beatriz Gomes)
24 ALTA    - PAC038 (Enzo Gabriel Costela)
25 ALTA    - PAC017 (Mirella Fernandes)
26 ALTA    - PAC028 (Gabriel da Cruz)
27 ALTA    - PAC006 (Calebe Jesus)
28 ALTA    - PAC015 (Francisco Moraes)
29 ALTA    - PAC023 (Enrico Alves)
30 ALTA    - PAC031 (Isaac da Costa)
31 ALTA    - PAC037 (Luiz Miguel da Conceição)
32 ALTA    - PAC050 (João Guilherme Cardoso)
33 ALTA    - PAC036 (Luna Martins)
34 ALTA    - PAC030 (Matheus Rocha)
INTERNADO    - PAC048 (prioridade 4)
INTERNADO    - PAC016 (prioridade 2)
INTERNADO    - PAC003 (prioridade 3)
INTERNADO    - PAC029 (prioridade 2)
INTERNADO    - PAC019 (prioridade 1)
INTERNADO    - PAC018 (prioridade 2)
INTERNADO    - PAC039 (prioridade 3)
INTERNADO    - PAC047 (prioridade 2)
INTERNADO    - PAC041 (prioridade 2)
INTERNADO    - PAC046 (prioridade 1)


Resumo - Internados nos leitos: 10 - Lista de espera: 4 - Aguardando atendimento: 0 - Altas: 36


[Ciclo 18]
1 ALTA    - PAC045 (Marina Mendes)
2 ALTA    - PAC022 (Lucas Gabriel Barros)
3 ALTA    - PAC021 (Samuel da Cruz)
4 ALTA    - PAC025 (Davi Lucas Freitas)
5 ALTA    - PAC040 (Vitória Nogueira)
6 ALTA    - PAC009 (Eduarda da Rosa)
7 ALTA    - PAC033 (Francisco da Cunha)
8 ALTA    - PAC032 (Caio Novaes)
9 ALTA    - PAC026 (Maria Sales)
10 ALTA    - PAC042 (Gustavo Henrique Melo)
11 ALTA    - PAC011 (Benício Castro)
12 ALTA    - PAC007 (Ana Laura Nogueira)
13 ALTA    - PAC044 (Giovanna Cavalcanti)
14 ALTA    - PAC012 (Caroline Costa)
15 ALTA    - PAC014 (Fernanda Monteiro)
16 ALTA    - PAC004 (Manuela Ferreira)
17 ALTA    - PAC024 (Ana Luiza Ribeiro)
18 ALTA    - PAC035 (Isis Moreira)
19 ALTA    - PAC013 (Luana da Rocha)
20 ALTA    - PAC034 (Luiz Felipe Novaes)
21 ALTA    - PAC020 (Rafaela Peixoto)
22 ALTA    - PAC027 (Daniel da Costa)
23 ALTA    - PAC049 (Bruno Moraes)
24 ALTA    - PAC010 (Maria Sophia Melo)
25 ALTA    - PAC002 (Beatriz Gomes)
26 ALTA    - PAC038 (Enzo Gabriel Costela)
27 ALTA    - PAC017 (Mirella Fernandes)
28 ALTA    - PAC028 (Gabriel da Cruz)
29 ALTA    - PAC006 (Calebe Jesus)
30 ALTA    - PAC015 (Francisco Moraes)
31 ALTA    - PAC023 (Enrico Alves)
32 ALTA    - PAC031 (Isaac da Costa)
33 ALTA    - PAC037 (Luiz Miguel da Conceição)
34 ALTA    - PAC050 (João Guilherme Cardoso)
35 ALTA    - PAC036 (Luna Martins)
36 ALTA    - PAC030 (Matheus Rocha)
INTERNADO    - PAC048 (prioridade 4)
INTERNADO    - PAC016 (prioridade 2)
INTERNADO    - PAC003 (prioridade 3)
INTERNADO    - PAC029 (prioridade 2)
INTERNADO    - PAC019 (prioridade 1)
INTERNADO    - PAC039 (prioridade 3)
INTERNADO    - PAC047 (prioridade 2)
INTERNADO    - PAC041 (prioridade 2)
INTERNADO    - PAC046 (prioridade 1)
INTERNADO    - PAC043 (prioridade 1)


Resumo - Internados nos leitos: 10 - Lista de espera: 3 - Aguardando atendimento: 0 - Altas: 37


[Ciclo 19]
1 ALTA    - PAC018 (Emilly Cunha)
2 ALTA    - PAC045 (Marina Mendes)
3 ALTA    - PAC022 (Lucas Gabriel Barros)
4 ALTA    - PAC021 (Samuel da Cruz)
5 ALTA    - PAC025 (Davi Lucas Freitas)
6 ALTA    - PAC040 (Vitória Nogueira)
7 ALTA    - PAC009 (Eduarda da Rosa)
8 ALTA    - PAC033 (Francisco da Cunha)
9 ALTA    - PAC032 (Caio Novaes)
10 ALTA    - PAC026 (Maria Sales)
11 ALTA    - PAC042 (Gustavo Henrique Melo)
12 ALTA    - PAC011 (Benício Castro)
13 ALTA    - PAC007 (Ana Laura Nogueira)
14 ALTA    - PAC044 (Giovanna Cavalcanti)
15 ALTA    - PAC012 (Caroline Costa)
16 ALTA    - PAC014 (Fernanda Monteiro)
17 ALTA    - PAC004 (Manuela Ferreira)
18 ALTA    - PAC024 (Ana Luiza Ribeiro)
19 ALTA    - PAC035 (Isis Moreira)
20 ALTA    - PAC013 (Luana da Rocha)
21 ALTA    - PAC034 (Luiz Felipe Novaes)
22 ALTA    - PAC020 (Rafaela Peixoto)
23 ALTA    - PAC027 (Daniel da Costa)
24 ALTA    - PAC049 (Bruno Moraes)
25 ALTA    - PAC010 (Maria Sophia Melo)
26 ALTA    - PAC002 (Beatriz Gomes)
27 ALTA    - PAC038 (Enzo Gabriel Costela)
28 ALTA    - PAC017 (Mirella Fernandes)
29 ALTA    - PAC028 (Gabriel da Cruz)
30 ALTA    - PAC006 (Calebe Jesus)
31 ALTA    - PAC015 (Francisco Moraes)
32 ALTA    - PAC023 (Enrico Alves)
33 ALTA    - PAC031 (Isaac da Costa)
34 ALTA    - PAC037 (Luiz Miguel da Conceição)
35 ALTA    - PAC050 (João Guilherme Cardoso)
36 ALTA    - PAC036 (Luna Martins)
37 ALTA    - PAC030 (Matheus Rocha)
INTERNADO    - PAC048 (prioridade 4)
INTERNADO    - PAC003 (prioridade 3)
INTERNADO    - PAC019 (prioridade 1)
INTERNADO    - PAC039 (prioridade 3)
INTERNADO    - PAC041 (prioridade 2)
INTERNADO    - PAC046 (prioridade 1)
INTERNADO    - PAC043 (prioridade 1)
INTERNADO    - PAC001 (prioridade 1)
INTERNADO    - PAC005 (prioridade 2)
INTERNADO    - PAC008 (prioridade 3)


Resumo - Internados nos leitos: 10 - Lista de espera: 0 - Aguardando atendimento: 0 - Altas: 40


[Ciclo 20]
1 ALTA    - PAC029 (Ana Beatriz Lima)
2 ALTA    - PAC047 (Bryan Santos)
3 ALTA    - PAC016 (Noah Pires)
4 ALTA    - PAC018 (Emilly Cunha)
5 ALTA    - PAC045 (Marina Mendes)
6 ALTA    - PAC022 (Lucas Gabriel Barros)
7 ALTA    - PAC021 (Samuel da Cruz)
8 ALTA    - PAC025 (Davi Lucas Freitas)
9 ALTA    - PAC040 (Vitória Nogueira)
10 ALTA    - PAC009 (Eduarda da Rosa)
11 ALTA    - PAC033 (Francisco da Cunha)
12 ALTA    - PAC032 (Caio Novaes)
13 ALTA    - PAC026 (Maria Sales)
14 ALTA    - PAC042 (Gustavo Henrique Melo)
15 ALTA    - PAC011 (Benício Castro)
16 ALTA    - PAC007 (Ana Laura Nogueira)
17 ALTA    - PAC044 (Giovanna Cavalcanti)
18 ALTA    - PAC012 (Caroline Costa)
19 ALTA    - PAC014 (Fernanda Monteiro)
20 ALTA    - PAC004 (Manuela Ferreira)
21 ALTA    - PAC024 (Ana Luiza Ribeiro)
22 ALTA    - PAC035 (Isis Moreira)
23 ALTA    - PAC013 (Luana da Rocha)
24 ALTA    - PAC034 (Luiz Felipe Novaes)
25 ALTA    - PAC020 (Rafaela Peixoto)
26 ALTA    - PAC027 (Daniel da Costa)
27 ALTA    - PAC049 (Bruno Moraes)
28 ALTA    - PAC010 (Maria Sophia Melo)
29 ALTA    - PAC002 (Beatriz Gomes)
30 ALTA    - PAC038 (Enzo Gabriel Costela)
31 ALTA    - PAC017 (Mirella Fernandes)
32 ALTA    - PAC028 (Gabriel da Cruz)
33 ALTA    - PAC006 (Calebe Jesus)
34 ALTA    - PAC015 (Francisco Moraes)
35 ALTA    - PAC023 (Enrico Alves)
36 ALTA    - PAC031 (Isaac da Costa)
37 ALTA    - PAC037 (Luiz Miguel da Conceição)
38 ALTA    - PAC050 (João Guilherme Cardoso)
39 ALTA    - PAC036 (Luna Martins)
40 ALTA    - PAC030 (Matheus Rocha)
INTERNADO    - PAC048 (prioridade 4)
INTERNADO    - PAC003 (prioridade 3)
INTERNADO    - PAC019 (prioridade 1)
INTERNADO    - PAC046 (prioridade 1)
INTERNADO    - PAC043 (prioridade 1)
INTERNADO    - PAC005 (prioridade 2)
INTERNADO    - PAC008 (prioridade 3)


Resumo - Internados nos leitos: 7 - Lista de espera: 0 - Aguardando atendimento: 0 - Altas: 43


[Ciclo 21]
1 ALTA    - PAC039 (Luiz Miguel Santos)
2 ALTA    - PAC041 (Luiz Felipe Ferreira)
3 ALTA    - PAC001 (Sophie Peixoto)
4 ALTA    - PAC029 (Ana Beatriz Lima)
5 ALTA    - PAC047 (Bryan Santos)
6 ALTA    - PAC016 (Noah Pires)
7 ALTA    - PAC018 (Emilly Cunha)
8 ALTA    - PAC045 (Marina Mendes)
9 ALTA    - PAC022 (Lucas Gabriel Barros)
10 ALTA    - PAC021 (Samuel da Cruz)
11 ALTA    - PAC025 (Davi Lucas Freitas)
12 ALTA    - PAC040 (Vitória Nogueira)
13 ALTA    - PAC009 (Eduarda da Rosa)
14 ALTA    - PAC033 (Francisco da Cunha)
15 ALTA    - PAC032 (Caio Novaes)
16 ALTA    - PAC026 (Maria Sales)
17 ALTA    - PAC042 (Gustavo Henrique Melo)
18 ALTA    - PAC011 (Benício Castro)
19 ALTA    - PAC007 (Ana Laura Nogueira)
20 ALTA    - PAC044 (Giovanna Cavalcanti)
21 ALTA    - PAC012 (Caroline Costa)
22 ALTA    - PAC014 (Fernanda Monteiro)
23 ALTA    - PAC004 (Manuela Ferreira)
24 ALTA    - PAC024 (Ana Luiza Ribeiro)
25 ALTA    - PAC035 (Isis Moreira)
26 ALTA    - PAC013 (Luana da Rocha)
27 ALTA    - PAC034 (Luiz Felipe Novaes)
28 ALTA    - PAC020 (Rafaela Peixoto)
29 ALTA    - PAC027 (Daniel da Costa)
30 ALTA    - PAC049 (Bruno Moraes)
31 ALTA    - PAC010 (Maria Sophia Melo)
32 ALTA    - PAC002 (Beatriz Gomes)
33 ALTA    - PAC038 (Enzo Gabriel Costela)
34 ALTA    - PAC017 (Mirella Fernandes)
35 ALTA    - PAC028 (Gabriel da Cruz)
36 ALTA    - PAC006 (Calebe Jesus)
37 ALTA    - PAC015 (Francisco Moraes)
38 ALTA    - PAC023 (Enrico Alves)
39 ALTA    - PAC031 (Isaac da Costa)
40 ALTA    - PAC037 (Luiz Miguel da Conceição)
41 ALTA    - PAC050 (João Guilherme Cardoso)
42 ALTA    - PAC036 (Luna Martins)
43 ALTA    - PAC030 (Matheus Rocha)
INTERNADO    - PAC019 (prioridade 1)
INTERNADO    - PAC046 (prioridade 1)
INTERNADO    - PAC043 (prioridade 1)
INTERNADO    - PAC005 (prioridade 2)


Resumo - Internados nos leitos: 4 - Lista de espera: 0 - Aguardando atendimento: 0 - Altas: 46


[Ciclo 22]
1 ALTA    - PAC008 (Ana Clara Carvalho)
2 ALTA    - PAC048 (Ana Clara Castro)
3 ALTA    - PAC003 (Nina Melo)
4 ALTA    - PAC039 (Luiz Miguel Santos)
5 ALTA    - PAC041 (Luiz Felipe Ferreira)
6 ALTA    - PAC001 (Sophie Peixoto)
7 ALTA    - PAC029 (Ana Beatriz Lima)
8 ALTA    - PAC047 (Bryan Santos)
9 ALTA    - PAC016 (Noah Pires)
10 ALTA    - PAC018 (Emilly Cunha)
11 ALTA    - PAC045 (Marina Mendes)
12 ALTA    - PAC022 (Lucas Gabriel Barros)
13 ALTA    - PAC021 (Samuel da Cruz)
14 ALTA    - PAC025 (Davi Lucas Freitas)
15 ALTA    - PAC040 (Vitória Nogueira)
16 ALTA    - PAC009 (Eduarda da Rosa)
17 ALTA    - PAC033 (Francisco da Cunha)
18 ALTA    - PAC032 (Caio Novaes)
19 ALTA    - PAC026 (Maria Sales)
20 ALTA    - PAC042 (Gustavo Henrique Melo)
21 ALTA    - PAC011 (Benício Castro)
22 ALTA    - PAC007 (Ana Laura Nogueira)
23 ALTA    - PAC044 (Giovanna Cavalcanti)
24 ALTA    - PAC012 (Caroline Costa)
25 ALTA    - PAC014 (Fernanda Monteiro)
26 ALTA    - PAC004 (Manuela Ferreira)
27 ALTA    - PAC024 (Ana Luiza Ribeiro)
28 ALTA    - PAC035 (Isis Moreira)
29 ALTA    - PAC013 (Luana da Rocha)
30 ALTA    - PAC034 (Luiz Felipe Novaes)
31 ALTA    - PAC020 (Rafaela Peixoto)
32 ALTA    - PAC027 (Daniel da Costa)
33 ALTA    - PAC049 (Bruno Moraes)
34 ALTA    - PAC010 (Maria Sophia Melo)
35 ALTA    - PAC002 (Beatriz Gomes)
36 ALTA    - PAC038 (Enzo Gabriel Costela)
37 ALTA    - PAC017 (Mirella Fernandes)
38 ALTA    - PAC028 (Gabriel da Cruz)
39 ALTA    - PAC006 (Calebe Jesus)
40 ALTA    - PAC015 (Francisco Moraes)
41 ALTA    - PAC023 (Enrico Alves)
42 ALTA    - PAC031 (Isaac da Costa)
43 ALTA    - PAC037 (Luiz Miguel da Conceição)
44 ALTA    - PAC050 (João Guilherme Cardoso)
45 ALTA    - PAC036 (Luna Martins)
46 ALTA    - PAC030 (Matheus Rocha)
INTERNADO    - PAC046 (prioridade 1)
INTERNADO    - PAC043 (prioridade 1)
INTERNADO    - PAC005 (prioridade 2)


Resumo - Internados nos leitos: 3 - Lista de espera: 0 - Aguardando atendimento: 0 - Altas: 47


[Ciclo 23]
1 ALTA    - PAC019 (Sofia Peixoto)
2 ALTA    - PAC008 (Ana Clara Carvalho)
3 ALTA    - PAC048 (Ana Clara Castro)
4 ALTA    - PAC003 (Nina Melo)
5 ALTA    - PAC039 (Luiz Miguel Santos)
6 ALTA    - PAC041 (Luiz Felipe Ferreira)
7 ALTA    - PAC001 (Sophie Peixoto)
8 ALTA    - PAC029 (Ana Beatriz Lima)
9 ALTA    - PAC047 (Bryan Santos)
10 ALTA    - PAC016 (Noah Pires)
11 ALTA    - PAC018 (Emilly Cunha)
12 ALTA    - PAC045 (Marina Mendes)
13 ALTA    - PAC022 (Lucas Gabriel Barros)
14 ALTA    - PAC021 (Samuel da Cruz)
15 ALTA    - PAC025 (Davi Lucas Freitas)
16 ALTA    - PAC040 (Vitória Nogueira)
17 ALTA    - PAC009 (Eduarda da Rosa)
18 ALTA    - PAC033 (Francisco da Cunha)
19 ALTA    - PAC032 (Caio Novaes)
20 ALTA    - PAC026 (Maria Sales)
21 ALTA    - PAC042 (Gustavo Henrique Melo)
22 ALTA    - PAC011 (Benício Castro)
23 ALTA    - PAC007 (Ana Laura Nogueira)
24 ALTA    - PAC044 (Giovanna Cavalcanti)
25 ALTA    - PAC012 (Caroline Costa)
26 ALTA    - PAC014 (Fernanda Monteiro)
27 ALTA    - PAC004 (Manuela Ferreira)
28 ALTA    - PAC024 (Ana Luiza Ribeiro)
29 ALTA    - PAC035 (Isis Moreira)
30 ALTA    - PAC013 (Luana da Rocha)
31 ALTA    - PAC034 (Luiz Felipe Novaes)
32 ALTA    - PAC020 (Rafaela Peixoto)
33 ALTA    - PAC027 (Daniel da Costa)
34 ALTA    - PAC049 (Bruno Moraes)
35 ALTA    - PAC010 (Maria Sophia Melo)
36 ALTA    - PAC002 (Beatriz Gomes)
37 ALTA    - PAC038 (Enzo Gabriel Costela)
38 ALTA    - PAC017 (Mirella Fernandes)
39 ALTA    - PAC028 (Gabriel da Cruz)
40 ALTA    - PAC006 (Calebe Jesus)
41 ALTA    - PAC015 (Francisco Moraes)
42 ALTA    - PAC023 (Enrico Alves)
43 ALTA    - PAC031 (Isaac da Costa)
44 ALTA    - PAC037 (Luiz Miguel da Conceição)
45 ALTA    - PAC050 (João Guilherme Cardoso)
46 ALTA    - PAC036 (Luna Martins)
47 ALTA    - PAC030 (Matheus Rocha)
INTERNADO    - PAC043 (prioridade 1)
INTERNADO    - PAC005 (prioridade 2)


Resumo - Internados nos leitos: 2 - Lista de espera: 0 - Aguardando atendimento: 0 - Altas: 48


[Ciclo 24]
1 ALTA    - PAC046 (Isadora da Mota)
2 ALTA    - PAC019 (Sofia Peixoto)
3 ALTA    - PAC008 (Ana Clara Carvalho)
4 ALTA    - PAC048 (Ana Clara Castro)
5 ALTA    - PAC003 (Nina Melo)
6 ALTA    - PAC039 (Luiz Miguel Santos)
7 ALTA    - PAC041 (Luiz Felipe Ferreira)
8 ALTA    - PAC001 (Sophie Peixoto)
9 ALTA    - PAC029 (Ana Beatriz Lima)
10 ALTA    - PAC047 (Bryan Santos)
11 ALTA    - PAC016 (Noah Pires)
12 ALTA    - PAC018 (Emilly Cunha)
13 ALTA    - PAC045 (Marina Mendes)
14 ALTA    - PAC022 (Lucas Gabriel Barros)
15 ALTA    - PAC021 (Samuel da Cruz)
16 ALTA    - PAC025 (Davi Lucas Freitas)
17 ALTA    - PAC040 (Vitória Nogueira)
18 ALTA    - PAC009 (Eduarda da Rosa)
19 ALTA    - PAC033 (Francisco da Cunha)
20 ALTA    - PAC032 (Caio Novaes)
21 ALTA    - PAC026 (Maria Sales)
22 ALTA    - PAC042 (Gustavo Henrique Melo)
23 ALTA    - PAC011 (Benício Castro)
24 ALTA    - PAC007 (Ana Laura Nogueira)
25 ALTA    - PAC044 (Giovanna Cavalcanti)
26 ALTA    - PAC012 (Caroline Costa)
27 ALTA    - PAC014 (Fernanda Monteiro)
28 ALTA    - PAC004 (Manuela Ferreira)
29 ALTA    - PAC024 (Ana Luiza Ribeiro)
30 ALTA    - PAC035 (Isis Moreira)
31 ALTA    - PAC013 (Luana da Rocha)
32 ALTA    - PAC034 (Luiz Felipe Novaes)
33 ALTA    - PAC020 (Rafaela Peixoto)
34 ALTA    - PAC027 (Daniel da Costa)
35 ALTA    - PAC049 (Bruno Moraes)
36 ALTA    - PAC010 (Maria Sophia Melo)
37 ALTA    - PAC002 (Beatriz Gomes)
38 ALTA    - PAC038 (Enzo Gabriel Costela)
39 ALTA    - PAC017 (Mirella Fernandes)
40 ALTA    - PAC028 (Gabriel da Cruz)
41 ALTA    - PAC006 (Calebe Jesus)
42 ALTA    - PAC015 (Francisco Moraes)
43 ALTA    - PAC023 (Enrico Alves)
44 ALTA    - PAC031 (Isaac da Costa)
45 ALTA    - PAC037 (Luiz Miguel da Conceição)
46 ALTA    - PAC050 (João Guilherme Cardoso)
47 ALTA    - PAC036 (Luna Martins)
48 ALTA    - PAC030 (Matheus Rocha)
INTERNADO    - PAC005 (prioridade 2)


Resumo - Internados nos leitos: 1 - Lista de espera: 0 - Aguardando atendimento: 0 - Altas: 49


[Ciclo 25]
1 ALTA    - PAC043 (Arthur Rezende)
2 ALTA    - PAC046 (Isadora da Mota)
3 ALTA    - PAC019 (Sofia Peixoto)
4 ALTA    - PAC008 (Ana Clara Carvalho)
5 ALTA    - PAC048 (Ana Clara Castro)
6 ALTA    - PAC003 (Nina Melo)
7 ALTA    - PAC039 (Luiz Miguel Santos)
8 ALTA    - PAC041 (Luiz Felipe Ferreira)
9 ALTA    - PAC001 (Sophie Peixoto)
10 ALTA    - PAC029 (Ana Beatriz Lima)
11 ALTA    - PAC047 (Bryan Santos)
12 ALTA    - PAC016 (Noah Pires)
13 ALTA    - PAC018 (Emilly Cunha)
14 ALTA    - PAC045 (Marina Mendes)
15 ALTA    - PAC022 (Lucas Gabriel Barros)
16 ALTA    - PAC021 (Samuel da Cruz)
17 ALTA    - PAC025 (Davi Lucas Freitas)
18 ALTA    - PAC040 (Vitória Nogueira)
19 ALTA    - PAC009 (Eduarda da Rosa)
20 ALTA    - PAC033 (Francisco da Cunha)
21 ALTA    - PAC032 (Caio Novaes)
22 ALTA    - PAC026 (Maria Sales)
23 ALTA    - PAC042 (Gustavo Henrique Melo)
24 ALTA    - PAC011 (Benício Castro)
25 ALTA    - PAC007 (Ana Laura Nogueira)
26 ALTA    - PAC044 (Giovanna Cavalcanti)
27 ALTA    - PAC012 (Caroline Costa)
28 ALTA    - PAC014 (Fernanda Monteiro)
29 ALTA    - PAC004 (Manuela Ferreira)
30 ALTA    - PAC024 (Ana Luiza Ribeiro)
31 ALTA    - PAC035 (Isis Moreira)
32 ALTA    - PAC013 (Luana da Rocha)
33 ALTA    - PAC034 (Luiz Felipe Novaes)
34 ALTA    - PAC020 (Rafaela Peixoto)
35 ALTA    - PAC027 (Daniel da Costa)
36 ALTA    - PAC049 (Bruno Moraes)
37 ALTA    - PAC010 (Maria Sophia Melo)
38 ALTA    - PAC002 (Beatriz Gomes)
39 ALTA    - PAC038 (Enzo Gabriel Costela)
40 ALTA    - PAC017 (Mirella Fernandes)
41 ALTA    - PAC028 (Gabriel da Cruz)
42 ALTA    - PAC006 (Calebe Jesus)
43 ALTA    - PAC015 (Francisco Moraes)
44 ALTA    - PAC023 (Enrico Alves)
45 ALTA    - PAC031 (Isaac da Costa)
46 ALTA    - PAC037 (Luiz Miguel da Conceição)
47 ALTA    - PAC050 (João Guilherme Cardoso)
48 ALTA    - PAC036 (Luna Martins)
49 ALTA    - PAC030 (Matheus Rocha)


Resumo - Internados nos leitos: 0 - Lista de espera: 0 - Aguardando atendimento: 0 - Altas: 50


[Ciclo 26]
1 ALTA    - PAC005 (Thomas Martins)
2 ALTA    - PAC043 (Arthur Rezende)
3 ALTA    - PAC046 (Isadora da Mota)
4 ALTA    - PAC019 (Sofia Peixoto)
5 ALTA    - PAC008 (Ana Clara Carvalho)
6 ALTA    - PAC048 (Ana Clara Castro)
7 ALTA    - PAC003 (Nina Melo)
8 ALTA    - PAC039 (Luiz Miguel Santos)
9 ALTA    - PAC041 (Luiz Felipe Ferreira)
10 ALTA    - PAC001 (Sophie Peixoto)
11 ALTA    - PAC029 (Ana Beatriz Lima)
12 ALTA    - PAC047 (Bryan Santos)
13 ALTA    - PAC016 (Noah Pires)
14 ALTA    - PAC018 (Emilly Cunha)
15 ALTA    - PAC045 (Marina Mendes)
16 ALTA    - PAC022 (Lucas Gabriel Barros)
17 ALTA    - PAC021 (Samuel da Cruz)
18 ALTA    - PAC025 (Davi Lucas Freitas)
19 ALTA    - PAC040 (Vitória Nogueira)
20 ALTA    - PAC009 (Eduarda da Rosa)
21 ALTA    - PAC033 (Francisco da Cunha)
22 ALTA    - PAC032 (Caio Novaes)
23 ALTA    - PAC026 (Maria Sales)
24 ALTA    - PAC042 (Gustavo Henrique Melo)
25 ALTA    - PAC011 (Benício Castro)
26 ALTA    - PAC007 (Ana Laura Nogueira)
27 ALTA    - PAC044 (Giovanna Cavalcanti)
28 ALTA    - PAC012 (Caroline Costa)
29 ALTA    - PAC014 (Fernanda Monteiro)
30 ALTA    - PAC004 (Manuela Ferreira)
31 ALTA    - PAC024 (Ana Luiza Ribeiro)
32 ALTA    - PAC035 (Isis Moreira)
33 ALTA    - PAC013 (Luana da Rocha)
34 ALTA    - PAC034 (Luiz Felipe Novaes)
35 ALTA    - PAC020 (Rafaela Peixoto)
36 ALTA    - PAC027 (Daniel da Costa)
37 ALTA    - PAC049 (Bruno Moraes)
38 ALTA    - PAC010 (Maria Sophia Melo)
39 ALTA    - PAC002 (Beatriz Gomes)
40 ALTA    - PAC038 (Enzo Gabriel Costela)
41 ALTA    - PAC017 (Mirella Fernandes)
42 ALTA    - PAC028 (Gabriel da Cruz)
43 ALTA    - PAC006 (Calebe Jesus)
44 ALTA    - PAC015 (Francisco Moraes)
45 ALTA    - PAC023 (Enrico Alves)
46 ALTA    - PAC031 (Isaac da Costa)
47 ALTA    - PAC037 (Luiz Miguel da Conceição)
48 ALTA    - PAC050 (João Guilherme Cardoso)
49 ALTA    - PAC036 (Luna Martins)
50 ALTA    - PAC030 (Matheus Rocha)
